2020-35-18 06:35:29.593 [INFO] main: File found by path: src/main/resources/Ships.txt
2020-35-18 06:35:29.606 [INFO] main: Finishing reading from file
2020-35-18 06:35:29.610 [INFO] main: Parsed data to ship: 3
2020-35-18 06:35:29.610 [INFO] main: Parsed data to ship: 4
2020-35-18 06:35:29.611 [INFO] main: Parsed data to ship: 5
2020-35-18 06:35:29.611 [INFO] main: Parsed data to ship: 6
2020-35-18 06:35:29.612 [INFO] main: Parsed data to ship: 7
2020-35-18 06:35:29.613 [INFO] main: Parsed data to ship: 8
2020-35-18 06:35:29.614 [INFO] main: Parsed data to ship: 89
2020-35-18 06:35:29.614 [INFO] main: Parsed data to ship: 9
2020-35-18 06:35:29.614 [INFO] main: Parsed data to ship: 2
2020-35-18 06:35:29.615 [INFO] main: Parsed data to ship: 5
2020-35-18 06:35:29.616 [INFO] main: Parsed data to ship: 67
2020-35-18 06:35:29.616 [INFO] main: Parsed data to ship: 4
2020-35-18 06:35:29.616 [INFO] main: Parsed data to ship: 2
2020-35-18 06:35:29.617 [INFO] main: Parsed data to ship: 54
2020-35-18 06:35:29.617 [INFO] main: Parsed data to ship: 76
2020-35-18 06:35:29.617 [INFO] main: Parsed data to ship: 8
2020-35-18 06:35:29.617 [INFO] main: Parsed data to ship: 5
2020-35-18 06:35:29.617 [INFO] main: Parsed data to ship: 34
2020-35-18 06:35:29.618 [INFO] main: Parsed data to ship: 2
2020-35-18 06:35:29.618 [INFO] main: Parsed data to ship: 5
2020-35-18 06:35:29.618 [INFO] main: Parsed data to ships: [3, 4, 5, 6, 7, 8, 89, 9, 2, 5, 67, 4, 2, 54, 76, 8, 5, 34, 2, 5]
2020-36-18 06:36:22.338 [INFO] main: File found by path: src/main/resources/Ships.txt
2020-36-18 06:36:22.359 [INFO] main: Finishing reading from file
2020-36-18 06:36:22.477 [INFO] main: Parsed data to ship: 3
2020-36-18 06:36:22.478 [INFO] main: Parsed data to ship: 4
2020-36-18 06:36:22.478 [INFO] main: Parsed data to ship: 5
2020-36-18 06:36:22.478 [INFO] main: Parsed data to ship: 6
2020-36-18 06:36:22.479 [INFO] main: Parsed data to ship: 7
2020-36-18 06:36:22.479 [INFO] main: Parsed data to ship: 8
2020-36-18 06:36:22.479 [INFO] main: Parsed data to ship: 89
2020-36-18 06:36:22.480 [INFO] main: Parsed data to ship: 9
2020-36-18 06:36:22.480 [INFO] main: Parsed data to ship: 2
2020-36-18 06:36:22.480 [INFO] main: Parsed data to ship: 5
2020-36-18 06:36:22.481 [INFO] main: Parsed data to ship: 67
2020-36-18 06:36:22.481 [INFO] main: Parsed data to ship: 4
2020-36-18 06:36:22.482 [INFO] main: Parsed data to ship: 2
2020-36-18 06:36:22.482 [INFO] main: Parsed data to ship: 54
2020-36-18 06:36:22.482 [INFO] main: Parsed data to ship: 76
2020-36-18 06:36:22.483 [INFO] main: Parsed data to ship: 8
2020-36-18 06:36:22.483 [INFO] main: Parsed data to ship: 5
2020-36-18 06:36:22.483 [INFO] main: Parsed data to ship: 34
2020-36-18 06:36:22.483 [INFO] main: Parsed data to ship: 2
2020-36-18 06:36:22.483 [INFO] main: Parsed data to ship: 5
2020-36-18 06:36:22.484 [INFO] main: Parsed data to ships: [3, 4, 5, 6, 7, 8, 89, 9, 2, 5, 67, 4, 2, 54, 76, 8, 5, 34, 2, 5]
2020-36-18 06:36:51.580 [INFO] main: File found by path: src/main/resources/Ships.txt
2020-36-18 06:36:51.599 [INFO] main: Finishing reading from file
2020-36-18 06:36:51.611 [INFO] main: Parsed data to ship: 3
2020-36-18 06:36:51.611 [INFO] main: Parsed data to ship: 4
2020-36-18 06:36:51.612 [INFO] main: Parsed data to ship: 5
2020-36-18 06:36:51.612 [INFO] main: Parsed data to ship: 6
2020-36-18 06:36:51.612 [INFO] main: Parsed data to ship: 7
2020-36-18 06:36:51.613 [INFO] main: Parsed data to ship: 8
2020-36-18 06:36:51.613 [INFO] main: Parsed data to ship: 89
2020-36-18 06:36:51.613 [INFO] main: Parsed data to ship: 9
2020-36-18 06:36:51.614 [INFO] main: Parsed data to ship: 2
2020-36-18 06:36:51.614 [INFO] main: Parsed data to ship: 5
2020-36-18 06:36:51.614 [INFO] main: Parsed data to ship: 67
2020-36-18 06:36:51.614 [INFO] main: Parsed data to ship: 4
2020-36-18 06:36:51.615 [INFO] main: Parsed data to ship: 2
2020-36-18 06:36:51.615 [INFO] main: Parsed data to ship: 54
2020-36-18 06:36:51.615 [INFO] main: Parsed data to ship: 76
2020-36-18 06:36:51.616 [INFO] main: Parsed data to ship: 8
2020-36-18 06:36:51.616 [INFO] main: Parsed data to ship: 5
2020-36-18 06:36:51.616 [INFO] main: Parsed data to ship: 34
2020-36-18 06:36:51.616 [INFO] main: Parsed data to ship: 2
2020-36-18 06:36:51.617 [INFO] main: Parsed data to ship: 5
2020-36-18 06:36:51.617 [INFO] main: Parsed data to ships: [3, 4, 5, 6, 7, 8, 89, 9, 2, 5, 67, 4, 2, 54, 76, 8, 5, 34, 2, 5]
2020-38-18 06:38:07.655 [INFO] main: File found by path: src/main/resources/Ships.txt
2020-38-18 06:38:07.669 [INFO] main: Finishing reading from file
2020-38-18 06:38:07.679 [INFO] main: Parsed data to ship: 3
2020-38-18 06:38:07.679 [INFO] main: Parsed data to ship: 4
2020-38-18 06:38:07.680 [INFO] main: Parsed data to ship: 5
2020-38-18 06:38:07.680 [INFO] main: Parsed data to ship: 6
2020-38-18 06:38:07.680 [INFO] main: Parsed data to ship: 7
2020-38-18 06:38:07.680 [INFO] main: Parsed data to ship: 8
2020-38-18 06:38:07.681 [INFO] main: Parsed data to ship: 89
2020-38-18 06:38:07.681 [INFO] main: Parsed data to ship: 9
2020-38-18 06:38:07.681 [INFO] main: Parsed data to ship: 2
2020-38-18 06:38:07.681 [INFO] main: Parsed data to ship: 5
2020-38-18 06:38:07.682 [INFO] main: Parsed data to ship: 67
2020-38-18 06:38:07.682 [INFO] main: Parsed data to ship: 4
2020-38-18 06:38:07.683 [INFO] main: Parsed data to ship: 2
2020-38-18 06:38:07.684 [INFO] main: Parsed data to ship: 54
2020-38-18 06:38:07.684 [INFO] main: Parsed data to ship: 76
2020-38-18 06:38:07.686 [INFO] main: Parsed data to ship: 8
2020-38-18 06:38:07.687 [INFO] main: Parsed data to ship: 5
2020-38-18 06:38:07.687 [INFO] main: Parsed data to ship: 34
2020-38-18 06:38:07.688 [INFO] main: Parsed data to ship: 2
2020-38-18 06:38:07.688 [INFO] main: Parsed data to ship: 5
2020-38-18 06:38:07.689 [INFO] main: Parsed data to ships: [3, 4, 5, 6, 7, 8, 89, 9, 2, 5, 67, 4, 2, 54, 76, 8, 5, 34, 2, 5]
2020-42-18 06:42:01.450 [INFO] main: File found by path: src/main/resources/Ships.txt
2020-42-18 06:42:01.463 [INFO] main: Finishing reading from file
2020-42-18 06:42:01.466 [INFO] main: Parsed data to ship: 3
2020-42-18 06:42:01.467 [INFO] main: Parsed data to ship: 4
2020-42-18 06:42:01.467 [INFO] main: Parsed data to ship: 5
2020-42-18 06:42:01.467 [INFO] main: Parsed data to ship: 6
2020-42-18 06:42:01.467 [INFO] main: Parsed data to ship: 7
2020-42-18 06:42:01.468 [INFO] main: Parsed data to ship: 8
2020-42-18 06:42:01.468 [INFO] main: Parsed data to ship: 89
2020-42-18 06:42:01.468 [INFO] main: Parsed data to ship: 9
2020-42-18 06:42:01.468 [INFO] main: Parsed data to ship: 2
2020-42-18 06:42:01.468 [INFO] main: Parsed data to ship: 5
2020-42-18 06:42:01.469 [INFO] main: Parsed data to ship: 67
2020-42-18 06:42:01.469 [INFO] main: Parsed data to ship: 4
2020-42-18 06:42:01.469 [INFO] main: Parsed data to ship: 2
2020-42-18 06:42:01.469 [INFO] main: Parsed data to ship: 54
2020-42-18 06:42:01.470 [INFO] main: Parsed data to ship: 76
2020-42-18 06:42:01.470 [INFO] main: Parsed data to ship: 8
2020-42-18 06:42:01.470 [INFO] main: Parsed data to ship: 5
2020-42-18 06:42:01.470 [INFO] main: Parsed data to ship: 34
2020-42-18 06:42:01.470 [INFO] main: Parsed data to ship: 2
2020-42-18 06:42:01.471 [INFO] main: Parsed data to ship: 5
2020-42-18 06:42:01.471 [INFO] main: Parsed data to ships: [3, 4, 5, 6, 7, 8, 89, 9, 2, 5, 67, 4, 2, 54, 76, 8, 5, 34, 2, 5]
2020-42-18 06:42:38.483 [INFO] main: File found by path: src/main/resources/Ships.txt
2020-42-18 06:42:38.498 [INFO] main: Finishing reading from file
2020-42-18 06:42:38.501 [INFO] main: Parsed data to ship: 3
2020-42-18 06:42:38.502 [INFO] main: Parsed data to ship: 4
2020-42-18 06:42:38.502 [INFO] main: Parsed data to ship: 5
2020-42-18 06:42:38.503 [INFO] main: Parsed data to ship: 6
2020-42-18 06:42:38.503 [INFO] main: Parsed data to ship: 7
2020-42-18 06:42:38.504 [INFO] main: Parsed data to ship: 8
2020-42-18 06:42:38.504 [INFO] main: Parsed data to ship: 89
2020-42-18 06:42:38.504 [INFO] main: Parsed data to ship: 9
2020-42-18 06:42:38.504 [INFO] main: Parsed data to ship: 2
2020-42-18 06:42:38.505 [INFO] main: Parsed data to ship: 5
2020-42-18 06:42:38.505 [INFO] main: Parsed data to ship: 67
2020-42-18 06:42:38.506 [INFO] main: Parsed data to ship: 4
2020-42-18 06:42:38.506 [INFO] main: Parsed data to ship: 2
2020-42-18 06:42:38.506 [INFO] main: Parsed data to ship: 54
2020-42-18 06:42:38.507 [INFO] main: Parsed data to ship: 76
2020-42-18 06:42:38.507 [INFO] main: Parsed data to ship: 8
2020-42-18 06:42:38.507 [INFO] main: Parsed data to ship: 5
2020-42-18 06:42:38.507 [INFO] main: Parsed data to ship: 34
2020-42-18 06:42:38.507 [INFO] main: Parsed data to ship: 2
2020-42-18 06:42:38.508 [INFO] main: Parsed data to ship: 5
2020-42-18 06:42:38.508 [INFO] main: Parsed data to ships: [3, 4, 5, 6, 7, 8, 89, 9, 2, 5, 67, 4, 2, 54, 76, 8, 5, 34, 2, 5]
2020-43-18 06:43:57.456 [INFO] main: File found by path: src/main/resources/Ships.txt
2020-43-18 06:43:57.470 [INFO] main: Finishing reading from file
2020-43-18 06:43:57.492 [INFO] main: Parsed data to ship: 3
2020-43-18 06:43:57.493 [INFO] main: Parsed data to ship: 4
2020-43-18 06:43:57.493 [INFO] main: Parsed data to ship: 5
2020-43-18 06:43:57.493 [INFO] main: Parsed data to ship: 6
2020-43-18 06:43:57.493 [INFO] main: Parsed data to ship: 7
2020-43-18 06:43:57.494 [INFO] main: Parsed data to ship: 8
2020-43-18 06:43:57.494 [INFO] main: Parsed data to ship: 89
2020-43-18 06:43:57.494 [INFO] main: Parsed data to ship: 9
2020-43-18 06:43:57.494 [INFO] main: Parsed data to ship: 2
2020-43-18 06:43:57.494 [INFO] main: Parsed data to ship: 5
2020-43-18 06:43:57.495 [INFO] main: Parsed data to ship: 67
2020-43-18 06:43:57.495 [INFO] main: Parsed data to ship: 4
2020-43-18 06:43:57.495 [INFO] main: Parsed data to ship: 2
2020-43-18 06:43:57.495 [INFO] main: Parsed data to ship: 54
2020-43-18 06:43:57.495 [INFO] main: Parsed data to ship: 76
2020-43-18 06:43:57.496 [INFO] main: Parsed data to ship: 8
2020-43-18 06:43:57.496 [INFO] main: Parsed data to ship: 5
2020-43-18 06:43:57.496 [INFO] main: Parsed data to ship: 34
2020-43-18 06:43:57.496 [INFO] main: Parsed data to ship: 2
2020-43-18 06:43:57.496 [INFO] main: Parsed data to ship: 5
2020-43-18 06:43:57.497 [INFO] main: Parsed data to ships: [3, 4, 5, 6, 7, 8, 89, 9, 2, 5, 67, 4, 2, 54, 76, 8, 5, 34, 2, 5]
2020-45-18 06:45:41.472 [INFO] main: File found by path: src/main/resources/Ships.txt
2020-45-18 06:45:41.482 [INFO] main: Finishing reading from file
2020-45-18 06:45:41.485 [INFO] main: Parsed data to ship: 3
2020-45-18 06:45:41.485 [INFO] main: Parsed data to ship: 4
2020-45-18 06:45:41.486 [INFO] main: Parsed data to ship: 5
2020-45-18 06:45:41.486 [INFO] main: Parsed data to ship: 6
2020-45-18 06:45:41.486 [INFO] main: Parsed data to ship: 7
2020-45-18 06:45:41.486 [INFO] main: Parsed data to ship: 8
2020-45-18 06:45:41.486 [INFO] main: Parsed data to ship: 89
2020-45-18 06:45:41.487 [INFO] main: Parsed data to ship: 9
2020-45-18 06:45:41.487 [INFO] main: Parsed data to ship: 2
2020-45-18 06:45:41.487 [INFO] main: Parsed data to ship: 5
2020-45-18 06:45:41.487 [INFO] main: Parsed data to ship: 67
2020-45-18 06:45:41.487 [INFO] main: Parsed data to ship: 4
2020-45-18 06:45:41.488 [INFO] main: Parsed data to ship: 2
2020-45-18 06:45:41.488 [INFO] main: Parsed data to ship: 54
2020-45-18 06:45:41.488 [INFO] main: Parsed data to ship: 76
2020-45-18 06:45:41.488 [INFO] main: Parsed data to ship: 8
2020-45-18 06:45:41.488 [INFO] main: Parsed data to ship: 5
2020-45-18 06:45:41.489 [INFO] main: Parsed data to ship: 34
2020-45-18 06:45:41.489 [INFO] main: Parsed data to ship: 2
2020-45-18 06:45:41.489 [INFO] main: Parsed data to ship: 5
2020-45-18 06:45:41.489 [INFO] main: Parsed data to ships: [3, 4, 5, 6, 7, 8, 89, 9, 2, 5, 67, 4, 2, 54, 76, 8, 5, 34, 2, 5]
2020-46-18 06:46:06.055 [INFO] main: File found by path: src/main/resources/Ships.txt
2020-46-18 06:46:06.063 [INFO] main: Finishing reading from file
2020-46-18 06:46:06.067 [INFO] main: Parsed data to ship: 3
2020-46-18 06:46:06.067 [INFO] main: Parsed data to ship: 4
2020-46-18 06:46:06.068 [INFO] main: Parsed data to ship: 5
2020-46-18 06:46:06.068 [INFO] main: Parsed data to ship: 6
2020-46-18 06:46:06.068 [INFO] main: Parsed data to ship: 7
2020-46-18 06:46:06.068 [INFO] main: Parsed data to ship: 8
2020-46-18 06:46:06.069 [INFO] main: Parsed data to ship: 89
2020-46-18 06:46:06.069 [INFO] main: Parsed data to ship: 9
2020-46-18 06:46:06.069 [INFO] main: Parsed data to ship: 2
2020-46-18 06:46:06.069 [INFO] main: Parsed data to ship: 5
2020-46-18 06:46:06.070 [INFO] main: Parsed data to ship: 67
2020-46-18 06:46:06.070 [INFO] main: Parsed data to ship: 4
2020-46-18 06:46:06.070 [INFO] main: Parsed data to ship: 2
2020-46-18 06:46:06.070 [INFO] main: Parsed data to ship: 54
2020-46-18 06:46:06.070 [INFO] main: Parsed data to ship: 76
2020-46-18 06:46:06.071 [INFO] main: Parsed data to ship: 8
2020-46-18 06:46:06.071 [INFO] main: Parsed data to ship: 5
2020-46-18 06:46:06.071 [INFO] main: Parsed data to ship: 34
2020-46-18 06:46:06.071 [INFO] main: Parsed data to ship: 2
2020-46-18 06:46:06.071 [INFO] main: Parsed data to ship: 5
2020-46-18 06:46:06.072 [INFO] main: Parsed data to ships: [3, 4, 5, 6, 7, 8, 89, 9, 2, 5, 67, 4, 2, 54, 76, 8, 5, 34, 2, 5]
2020-47-18 06:47:00.883 [INFO] main: File found by path: src/main/resources/Ships.txt
2020-47-18 06:47:00.895 [INFO] main: Finishing reading from file
2020-47-18 06:47:00.899 [INFO] main: Parsed data to ship: 3
2020-47-18 06:47:00.899 [INFO] main: Parsed data to ship: 4
2020-47-18 06:47:00.900 [INFO] main: Parsed data to ship: 5
2020-47-18 06:47:00.900 [INFO] main: Parsed data to ship: 6
2020-47-18 06:47:00.900 [INFO] main: Parsed data to ship: 7
2020-47-18 06:47:00.900 [INFO] main: Parsed data to ship: 8
2020-47-18 06:47:00.900 [INFO] main: Parsed data to ship: 89
2020-47-18 06:47:00.901 [INFO] main: Parsed data to ship: 9
2020-47-18 06:47:00.901 [INFO] main: Parsed data to ship: 2
2020-47-18 06:47:00.901 [INFO] main: Parsed data to ship: 5
2020-47-18 06:47:00.901 [INFO] main: Parsed data to ship: 67
2020-47-18 06:47:00.901 [INFO] main: Parsed data to ship: 4
2020-47-18 06:47:00.902 [INFO] main: Parsed data to ship: 2
2020-47-18 06:47:00.902 [INFO] main: Parsed data to ship: 54
2020-47-18 06:47:00.902 [INFO] main: Parsed data to ship: 76
2020-47-18 06:47:00.902 [INFO] main: Parsed data to ship: 8
2020-47-18 06:47:00.902 [INFO] main: Parsed data to ship: 5
2020-47-18 06:47:00.903 [INFO] main: Parsed data to ship: 34
2020-47-18 06:47:00.903 [INFO] main: Parsed data to ship: 2
2020-47-18 06:47:00.903 [INFO] main: Parsed data to ship: 5
2020-47-18 06:47:00.903 [INFO] main: Parsed data to ships: [3, 4, 5, 6, 7, 8, 89, 9, 2, 5, 67, 4, 2, 54, 76, 8, 5, 34, 2, 5]
2020-48-18 06:48:02.507 [INFO] main: File found by path: src/main/resources/Ships.txt
2020-48-18 06:48:02.522 [INFO] main: Finishing reading from file
2020-48-18 06:48:02.529 [INFO] main: Parsed data to ship: 3
2020-48-18 06:48:02.530 [INFO] main: Parsed data to ship: 4
2020-48-18 06:48:02.531 [INFO] main: Parsed data to ship: 5
2020-48-18 06:48:02.533 [INFO] main: Parsed data to ship: 6
2020-48-18 06:48:02.534 [INFO] main: Parsed data to ship: 7
2020-48-18 06:48:02.535 [INFO] main: Parsed data to ship: 8
2020-48-18 06:48:02.535 [INFO] main: Parsed data to ship: 89
2020-48-18 06:48:02.536 [INFO] main: Parsed data to ship: 9
2020-48-18 06:48:02.536 [INFO] main: Parsed data to ship: 2
2020-48-18 06:48:02.538 [INFO] main: Parsed data to ship: 5
2020-48-18 06:48:02.538 [INFO] main: Parsed data to ship: 67
2020-48-18 06:48:02.538 [INFO] main: Parsed data to ship: 4
2020-48-18 06:48:02.539 [INFO] main: Parsed data to ship: 2
2020-48-18 06:48:02.540 [INFO] main: Parsed data to ship: 54
2020-48-18 06:48:02.541 [INFO] main: Parsed data to ship: 76
2020-48-18 06:48:02.541 [INFO] main: Parsed data to ship: 8
2020-48-18 06:48:02.542 [INFO] main: Parsed data to ship: 5
2020-48-18 06:48:02.542 [INFO] main: Parsed data to ship: 34
2020-48-18 06:48:02.542 [INFO] main: Parsed data to ship: 2
2020-48-18 06:48:02.543 [INFO] main: Parsed data to ship: 5
2020-48-18 06:48:02.543 [INFO] main: Parsed data to ships: [3, 4, 5, 6, 7, 8, 89, 9, 2, 5, 67, 4, 2, 54, 76, 8, 5, 34, 2, 5]
2020-49-18 06:49:27.496 [INFO] main: File found by path: src/main/resources/Ships.txt
2020-49-18 06:49:27.510 [INFO] main: Finishing reading from file
2020-49-18 06:49:27.513 [INFO] main: Parsed data to ship: 3
2020-49-18 06:49:27.513 [INFO] main: Parsed data to ship: 4
2020-49-18 06:49:27.514 [INFO] main: Parsed data to ship: 5
2020-49-18 06:49:27.514 [INFO] main: Parsed data to ship: 6
2020-49-18 06:49:27.514 [INFO] main: Parsed data to ship: 7
2020-49-18 06:49:27.514 [INFO] main: Parsed data to ship: 8
2020-49-18 06:49:27.514 [INFO] main: Parsed data to ship: 89
2020-49-18 06:49:27.515 [INFO] main: Parsed data to ship: 9
2020-49-18 06:49:27.515 [INFO] main: Parsed data to ship: 2
2020-49-18 06:49:27.515 [INFO] main: Parsed data to ship: 5
2020-49-18 06:49:27.515 [INFO] main: Parsed data to ship: 67
2020-49-18 06:49:27.516 [INFO] main: Parsed data to ship: 4
2020-49-18 06:49:27.516 [INFO] main: Parsed data to ship: 2
2020-49-18 06:49:27.516 [INFO] main: Parsed data to ship: 54
2020-49-18 06:49:27.516 [INFO] main: Parsed data to ship: 76
2020-49-18 06:49:27.517 [INFO] main: Parsed data to ship: 8
2020-49-18 06:49:27.517 [INFO] main: Parsed data to ship: 5
2020-49-18 06:49:27.518 [INFO] main: Parsed data to ship: 34
2020-49-18 06:49:27.518 [INFO] main: Parsed data to ship: 2
2020-49-18 06:49:27.518 [INFO] main: Parsed data to ship: 5
2020-49-18 06:49:27.518 [INFO] main: Parsed data to ships: [3, 4, 5, 6, 7, 8, 89, 9, 2, 5, 67, 4, 2, 54, 76, 8, 5, 34, 2, 5]
2020-51-18 06:51:33.111 [INFO] main: File found by path: src/main/resources/Ships.txt
2020-51-18 06:51:33.137 [INFO] main: Finishing reading from file
2020-51-18 06:51:33.141 [INFO] main: Parsed data to ship: 3
2020-51-18 06:51:33.141 [INFO] main: Parsed data to ship: 4
2020-51-18 06:51:33.142 [INFO] main: Parsed data to ship: 5
2020-51-18 06:51:33.142 [INFO] main: Parsed data to ship: 6
2020-51-18 06:51:33.142 [INFO] main: Parsed data to ship: 7
2020-51-18 06:51:33.143 [INFO] main: Parsed data to ship: 8
2020-51-18 06:51:33.143 [INFO] main: Parsed data to ship: 89
2020-51-18 06:51:33.143 [INFO] main: Parsed data to ship: 9
2020-51-18 06:51:33.143 [INFO] main: Parsed data to ship: 2
2020-51-18 06:51:33.143 [INFO] main: Parsed data to ship: 5
2020-51-18 06:51:33.144 [INFO] main: Parsed data to ship: 67
2020-51-18 06:51:33.144 [INFO] main: Parsed data to ship: 4
2020-51-18 06:51:33.144 [INFO] main: Parsed data to ship: 2
2020-51-18 06:51:33.145 [INFO] main: Parsed data to ship: 54
2020-51-18 06:51:33.145 [INFO] main: Parsed data to ship: 76
2020-51-18 06:51:33.145 [INFO] main: Parsed data to ship: 8
2020-51-18 06:51:33.145 [INFO] main: Parsed data to ship: 5
2020-51-18 06:51:33.146 [INFO] main: Parsed data to ship: 34
2020-51-18 06:51:33.146 [INFO] main: Parsed data to ship: 2
2020-51-18 06:51:33.146 [INFO] main: Parsed data to ship: 5
2020-51-18 06:51:33.146 [INFO] main: Parsed data to ships: [3, 4, 5, 6, 7, 8, 89, 9, 2, 5, 67, 4, 2, 54, 76, 8, 5, 34, 2, 5]
2020-51-18 06:51:46.381 [INFO] main: File found by path: src/main/resources/Ships.txt
2020-51-18 06:51:46.402 [INFO] main: Finishing reading from file
2020-51-18 06:51:46.406 [INFO] main: Parsed data to ship: 3
2020-51-18 06:51:46.407 [INFO] main: Parsed data to ship: 4
2020-51-18 06:51:46.407 [INFO] main: Parsed data to ship: 5
2020-51-18 06:51:46.407 [INFO] main: Parsed data to ship: 6
2020-51-18 06:51:46.408 [INFO] main: Parsed data to ship: 7
2020-51-18 06:51:46.408 [INFO] main: Parsed data to ship: 8
2020-51-18 06:51:46.408 [INFO] main: Parsed data to ship: 89
2020-51-18 06:51:46.409 [INFO] main: Parsed data to ship: 9
2020-51-18 06:51:46.409 [INFO] main: Parsed data to ship: 2
2020-51-18 06:51:46.411 [INFO] main: Parsed data to ship: 5
2020-51-18 06:51:46.422 [INFO] main: Parsed data to ship: 67
2020-51-18 06:51:46.423 [INFO] main: Parsed data to ship: 4
2020-51-18 06:51:46.424 [INFO] main: Parsed data to ship: 2
2020-51-18 06:51:46.425 [INFO] main: Parsed data to ship: 54
2020-51-18 06:51:46.426 [INFO] main: Parsed data to ship: 76
2020-51-18 06:51:46.427 [INFO] main: Parsed data to ship: 8
2020-51-18 06:51:46.429 [INFO] main: Parsed data to ship: 5
2020-51-18 06:51:46.430 [INFO] main: Parsed data to ship: 34
2020-51-18 06:51:46.432 [INFO] main: Parsed data to ship: 2
2020-51-18 06:51:46.438 [INFO] main: Parsed data to ship: 5
2020-51-18 06:51:46.439 [INFO] main: Parsed data to ships: [3, 4, 5, 6, 7, 8, 89, 9, 2, 5, 67, 4, 2, 54, 76, 8, 5, 34, 2, 5]
2020-52-18 06:52:05.158 [INFO] main: File found by path: src/main/resources/Ships.txt
2020-52-18 06:52:05.176 [INFO] main: Finishing reading from file
2020-52-18 06:52:05.180 [INFO] main: Parsed data to ship: 3
2020-52-18 06:52:05.180 [INFO] main: Parsed data to ship: 4
2020-52-18 06:52:05.181 [INFO] main: Parsed data to ship: 5
2020-52-18 06:52:05.181 [INFO] main: Parsed data to ship: 6
2020-52-18 06:52:05.181 [INFO] main: Parsed data to ship: 7
2020-52-18 06:52:05.181 [INFO] main: Parsed data to ship: 8
2020-52-18 06:52:05.181 [INFO] main: Parsed data to ship: 89
2020-52-18 06:52:05.182 [INFO] main: Parsed data to ship: 9
2020-52-18 06:52:05.182 [INFO] main: Parsed data to ship: 2
2020-52-18 06:52:05.182 [INFO] main: Parsed data to ship: 5
2020-52-18 06:52:05.182 [INFO] main: Parsed data to ship: 67
2020-52-18 06:52:05.183 [INFO] main: Parsed data to ship: 4
2020-52-18 06:52:05.183 [INFO] main: Parsed data to ship: 2
2020-52-18 06:52:05.183 [INFO] main: Parsed data to ship: 54
2020-52-18 06:52:05.184 [INFO] main: Parsed data to ship: 76
2020-52-18 06:52:05.184 [INFO] main: Parsed data to ship: 8
2020-52-18 06:52:05.184 [INFO] main: Parsed data to ship: 5
2020-52-18 06:52:05.185 [INFO] main: Parsed data to ship: 34
2020-52-18 06:52:05.185 [INFO] main: Parsed data to ship: 2
2020-52-18 06:52:05.185 [INFO] main: Parsed data to ship: 5
2020-52-18 06:52:05.185 [INFO] main: Parsed data to ships: [3, 4, 5, 6, 7, 8, 89, 9, 2, 5, 67, 4, 2, 54, 76, 8, 5, 34, 2, 5]
2020-52-18 06:52:42.409 [INFO] main: File found by path: src/main/resources/Ships.txt
2020-52-18 06:52:42.432 [INFO] main: Finishing reading from file
2020-52-18 06:52:42.436 [INFO] main: Parsed data to ship: 3
2020-52-18 06:52:42.436 [INFO] main: Parsed data to ship: 4
2020-52-18 06:52:42.436 [INFO] main: Parsed data to ship: 5
2020-52-18 06:52:42.437 [INFO] main: Parsed data to ship: 6
2020-52-18 06:52:42.438 [INFO] main: Parsed data to ship: 7
2020-52-18 06:52:42.438 [INFO] main: Parsed data to ship: 8
2020-52-18 06:52:42.438 [INFO] main: Parsed data to ship: 89
2020-52-18 06:52:42.439 [INFO] main: Parsed data to ship: 9
2020-52-18 06:52:42.439 [INFO] main: Parsed data to ship: 2
2020-52-18 06:52:42.439 [INFO] main: Parsed data to ship: 5
2020-52-18 06:52:42.439 [INFO] main: Parsed data to ship: 67
2020-52-18 06:52:42.440 [INFO] main: Parsed data to ship: 4
2020-52-18 06:52:42.440 [INFO] main: Parsed data to ship: 2
2020-52-18 06:52:42.440 [INFO] main: Parsed data to ship: 54
2020-52-18 06:52:42.440 [INFO] main: Parsed data to ship: 76
2020-52-18 06:52:42.440 [INFO] main: Parsed data to ship: 8
2020-52-18 06:52:42.441 [INFO] main: Parsed data to ship: 5
2020-52-18 06:52:42.441 [INFO] main: Parsed data to ship: 34
2020-52-18 06:52:42.441 [INFO] main: Parsed data to ship: 2
2020-52-18 06:52:42.441 [INFO] main: Parsed data to ship: 5
2020-52-18 06:52:42.442 [INFO] main: Parsed data to ships: [3, 4, 5, 6, 7, 8, 89, 9, 2, 5, 67, 4, 2, 54, 76, 8, 5, 34, 2, 5]
2020-53-18 06:53:21.067 [INFO] main: File found by path: src/main/resources/Ships.txt
2020-53-18 06:53:21.088 [INFO] main: Finishing reading from file
2020-53-18 06:53:21.098 [INFO] main: Parsed data to ship: 3
2020-53-18 06:53:21.099 [INFO] main: Parsed data to ship: 4
2020-53-18 06:53:21.099 [INFO] main: Parsed data to ship: 5
2020-53-18 06:53:21.100 [INFO] main: Parsed data to ship: 6
2020-53-18 06:53:21.100 [INFO] main: Parsed data to ship: 7
2020-53-18 06:53:21.100 [INFO] main: Parsed data to ship: 8
2020-53-18 06:53:21.101 [INFO] main: Parsed data to ship: 89
2020-53-18 06:53:21.101 [INFO] main: Parsed data to ship: 9
2020-53-18 06:53:21.102 [INFO] main: Parsed data to ship: 2
2020-53-18 06:53:21.102 [INFO] main: Parsed data to ship: 5
2020-53-18 06:53:21.102 [INFO] main: Parsed data to ship: 67
2020-53-18 06:53:21.103 [INFO] main: Parsed data to ship: 4
2020-53-18 06:53:21.103 [INFO] main: Parsed data to ship: 2
2020-53-18 06:53:21.103 [INFO] main: Parsed data to ship: 54
2020-53-18 06:53:21.104 [INFO] main: Parsed data to ship: 76
2020-53-18 06:53:21.104 [INFO] main: Parsed data to ship: 8
2020-53-18 06:53:21.104 [INFO] main: Parsed data to ship: 5
2020-53-18 06:53:21.105 [INFO] main: Parsed data to ship: 34
2020-53-18 06:53:21.105 [INFO] main: Parsed data to ship: 2
2020-53-18 06:53:21.105 [INFO] main: Parsed data to ship: 5
2020-53-18 06:53:21.106 [INFO] main: Parsed data to ships: [3, 4, 5, 6, 7, 8, 89, 9, 2, 5, 67, 4, 2, 54, 76, 8, 5, 34, 2, 5]
2020-53-18 06:53:43.870 [INFO] Thread-2: Ship Thread-2 arrived at dock
2020-54-18 06:54:16.228 [INFO] main: File found by path: src/main/resources/Ships.txt
2020-54-18 06:54:16.246 [INFO] main: Finishing reading from file
2020-54-18 06:54:16.252 [INFO] main: Parsed data to ship: 3
2020-54-18 06:54:16.254 [INFO] main: Parsed data to ship: 4
2020-54-18 06:54:16.254 [INFO] main: Parsed data to ship: 5
2020-54-18 06:54:16.255 [INFO] main: Parsed data to ship: 6
2020-54-18 06:54:16.255 [INFO] main: Parsed data to ship: 7
2020-54-18 06:54:16.255 [INFO] main: Parsed data to ship: 8
2020-54-18 06:54:16.255 [INFO] main: Parsed data to ship: 89
2020-54-18 06:54:16.256 [INFO] main: Parsed data to ship: 9
2020-54-18 06:54:16.256 [INFO] main: Parsed data to ship: 2
2020-54-18 06:54:16.257 [INFO] main: Parsed data to ship: 5
2020-54-18 06:54:16.257 [INFO] main: Parsed data to ship: 67
2020-54-18 06:54:16.258 [INFO] main: Parsed data to ship: 4
2020-54-18 06:54:16.258 [INFO] main: Parsed data to ship: 2
2020-54-18 06:54:16.259 [INFO] main: Parsed data to ship: 54
2020-54-18 06:54:16.260 [INFO] main: Parsed data to ship: 76
2020-54-18 06:54:16.260 [INFO] main: Parsed data to ship: 8
2020-54-18 06:54:16.261 [INFO] main: Parsed data to ship: 5
2020-54-18 06:54:16.261 [INFO] main: Parsed data to ship: 34
2020-54-18 06:54:16.261 [INFO] main: Parsed data to ship: 2
2020-54-18 06:54:16.262 [INFO] main: Parsed data to ship: 5
2020-54-18 06:54:16.263 [INFO] main: Parsed data to ships: [3, 4, 5, 6, 7, 8, 89, 9, 2, 5, 67, 4, 2, 54, 76, 8, 5, 34, 2, 5]
2020-55-18 06:55:24.262 [INFO] main: File found by path: src/main/resources/Ships.txt
2020-55-18 06:55:24.272 [INFO] main: Finishing reading from file
2020-55-18 06:55:24.275 [INFO] main: Parsed data to ship: 3
2020-55-18 06:55:24.276 [INFO] main: Parsed data to ship: 4
2020-55-18 06:55:24.276 [INFO] main: Parsed data to ship: 5
2020-55-18 06:55:24.276 [INFO] main: Parsed data to ship: 6
2020-55-18 06:55:24.277 [INFO] main: Parsed data to ship: 7
2020-55-18 06:55:24.277 [INFO] main: Parsed data to ship: 8
2020-55-18 06:55:24.277 [INFO] main: Parsed data to ship: 89
2020-55-18 06:55:24.277 [INFO] main: Parsed data to ship: 9
2020-55-18 06:55:24.278 [INFO] main: Parsed data to ship: 2
2020-55-18 06:55:24.278 [INFO] main: Parsed data to ship: 5
2020-55-18 06:55:24.278 [INFO] main: Parsed data to ship: 67
2020-55-18 06:55:24.278 [INFO] main: Parsed data to ship: 4
2020-55-18 06:55:24.279 [INFO] main: Parsed data to ship: 2
2020-55-18 06:55:24.279 [INFO] main: Parsed data to ship: 54
2020-55-18 06:55:24.279 [INFO] main: Parsed data to ship: 76
2020-55-18 06:55:24.279 [INFO] main: Parsed data to ship: 8
2020-55-18 06:55:24.280 [INFO] main: Parsed data to ship: 5
2020-55-18 06:55:24.280 [INFO] main: Parsed data to ship: 34
2020-55-18 06:55:24.280 [INFO] main: Parsed data to ship: 2
2020-55-18 06:55:24.280 [INFO] main: Parsed data to ship: 5
2020-55-18 06:55:24.280 [INFO] main: Parsed data to ships: [3, 4, 5, 6, 7, 8, 89, 9, 2, 5, 67, 4, 2, 54, 76, 8, 5, 34, 2, 5]
2020-56-18 06:56:57.676 [INFO] main: File found by path: src/main/resources/Ships.txt
2020-56-18 06:56:57.684 [INFO] main: Finishing reading from file
2020-56-18 06:56:57.687 [INFO] main: Parsed data to ship: 3
2020-56-18 06:56:57.688 [INFO] main: Parsed data to ship: 4
2020-56-18 06:56:57.688 [INFO] main: Parsed data to ship: 5
2020-56-18 06:56:57.688 [INFO] main: Parsed data to ship: 6
2020-56-18 06:56:57.688 [INFO] main: Parsed data to ship: 7
2020-56-18 06:56:57.689 [INFO] main: Parsed data to ship: 8
2020-56-18 06:56:57.689 [INFO] main: Parsed data to ship: 89
2020-56-18 06:56:57.689 [INFO] main: Parsed data to ship: 9
2020-56-18 06:56:57.690 [INFO] main: Parsed data to ship: 2
2020-56-18 06:56:57.690 [INFO] main: Parsed data to ship: 5
2020-56-18 06:56:57.691 [INFO] main: Parsed data to ship: 67
2020-56-18 06:56:57.691 [INFO] main: Parsed data to ship: 4
2020-56-18 06:56:57.691 [INFO] main: Parsed data to ship: 2
2020-56-18 06:56:57.692 [INFO] main: Parsed data to ship: 54
2020-56-18 06:56:57.692 [INFO] main: Parsed data to ship: 76
2020-56-18 06:56:57.692 [INFO] main: Parsed data to ship: 8
2020-56-18 06:56:57.693 [INFO] main: Parsed data to ship: 5
2020-56-18 06:56:57.693 [INFO] main: Parsed data to ship: 34
2020-56-18 06:56:57.693 [INFO] main: Parsed data to ship: 2
2020-56-18 06:56:57.693 [INFO] main: Parsed data to ship: 5
2020-56-18 06:56:57.694 [INFO] main: Parsed data to ships: [3, 4, 5, 6, 7, 8, 89, 9, 2, 5, 67, 4, 2, 54, 76, 8, 5, 34, 2, 5]
2020-57-18 06:57:14.674 [INFO] main: File found by path: src/main/resources/Ships.txt
2020-57-18 06:57:14.689 [INFO] main: Finishing reading from file
2020-57-18 06:57:14.697 [INFO] main: Parsed data to ship: 3
2020-57-18 06:57:14.698 [INFO] main: Parsed data to ship: 4
2020-57-18 06:57:14.698 [INFO] main: Parsed data to ship: 5
2020-57-18 06:57:14.698 [INFO] main: Parsed data to ship: 6
2020-57-18 06:57:14.698 [INFO] main: Parsed data to ship: 7
2020-57-18 06:57:14.699 [INFO] main: Parsed data to ship: 8
2020-57-18 06:57:14.699 [INFO] main: Parsed data to ship: 89
2020-57-18 06:57:14.699 [INFO] main: Parsed data to ship: 9
2020-57-18 06:57:14.699 [INFO] main: Parsed data to ship: 2
2020-57-18 06:57:14.699 [INFO] main: Parsed data to ship: 5
2020-57-18 06:57:14.700 [INFO] main: Parsed data to ship: 67
2020-57-18 06:57:14.700 [INFO] main: Parsed data to ship: 4
2020-57-18 06:57:14.700 [INFO] main: Parsed data to ship: 2
2020-57-18 06:57:14.700 [INFO] main: Parsed data to ship: 54
2020-57-18 06:57:14.701 [INFO] main: Parsed data to ship: 76
2020-57-18 06:57:14.701 [INFO] main: Parsed data to ship: 8
2020-57-18 06:57:14.701 [INFO] main: Parsed data to ship: 5
2020-57-18 06:57:14.701 [INFO] main: Parsed data to ship: 34
2020-57-18 06:57:14.702 [INFO] main: Parsed data to ship: 2
2020-57-18 06:57:14.702 [INFO] main: Parsed data to ship: 5
2020-57-18 06:57:14.702 [INFO] main: Parsed data to ships: [3, 4, 5, 6, 7, 8, 89, 9, 2, 5, 67, 4, 2, 54, 76, 8, 5, 34, 2, 5]
2020-57-18 06:57:45.636 [INFO] main: File found by path: src/main/resources/Ships.txt
2020-57-18 06:57:45.647 [INFO] main: Finishing reading from file
2020-57-18 06:57:45.656 [INFO] main: Parsed data to ship: 3
2020-57-18 06:57:45.656 [INFO] main: Parsed data to ship: 4
2020-57-18 06:57:45.656 [INFO] main: Parsed data to ship: 5
2020-57-18 06:57:45.656 [INFO] main: Parsed data to ship: 6
2020-57-18 06:57:45.657 [INFO] main: Parsed data to ship: 7
2020-57-18 06:57:45.657 [INFO] main: Parsed data to ship: 8
2020-57-18 06:57:45.657 [INFO] main: Parsed data to ship: 89
2020-57-18 06:57:45.657 [INFO] main: Parsed data to ship: 9
2020-57-18 06:57:45.658 [INFO] main: Parsed data to ship: 2
2020-57-18 06:57:45.658 [INFO] main: Parsed data to ship: 5
2020-57-18 06:57:45.658 [INFO] main: Parsed data to ship: 67
2020-57-18 06:57:45.658 [INFO] main: Parsed data to ship: 4
2020-57-18 06:57:45.658 [INFO] main: Parsed data to ship: 2
2020-57-18 06:57:45.659 [INFO] main: Parsed data to ship: 54
2020-57-18 06:57:45.659 [INFO] main: Parsed data to ship: 76
2020-57-18 06:57:45.659 [INFO] main: Parsed data to ship: 8
2020-57-18 06:57:45.659 [INFO] main: Parsed data to ship: 5
2020-57-18 06:57:45.660 [INFO] main: Parsed data to ship: 34
2020-57-18 06:57:45.660 [INFO] main: Parsed data to ship: 2
2020-57-18 06:57:45.660 [INFO] main: Parsed data to ship: 5
2020-57-18 06:57:45.660 [INFO] main: Parsed data to ships: [3, 4, 5, 6, 7, 8, 89, 9, 2, 5, 67, 4, 2, 54, 76, 8, 5, 34, 2, 5]
2020-00-18 07:00:37.311 [INFO] main: File found by path: src/main/resources/Ships.txt
2020-00-18 07:00:37.323 [INFO] main: Finishing reading from file
2020-00-18 07:00:37.333 [INFO] main: Parsed data to ship: 3
2020-00-18 07:00:37.334 [INFO] main: Parsed data to ship: 4
2020-00-18 07:00:37.334 [INFO] main: Parsed data to ship: 5
2020-00-18 07:00:37.334 [INFO] main: Parsed data to ship: 6
2020-00-18 07:00:37.334 [INFO] main: Parsed data to ship: 7
2020-00-18 07:00:37.334 [INFO] main: Parsed data to ship: 8
2020-00-18 07:00:37.335 [INFO] main: Parsed data to ship: 89
2020-00-18 07:00:37.335 [INFO] main: Parsed data to ship: 9
2020-00-18 07:00:37.335 [INFO] main: Parsed data to ship: 2
2020-00-18 07:00:37.335 [INFO] main: Parsed data to ship: 5
2020-00-18 07:00:37.335 [INFO] main: Parsed data to ship: 67
2020-00-18 07:00:37.336 [INFO] main: Parsed data to ship: 4
2020-00-18 07:00:37.336 [INFO] main: Parsed data to ship: 2
2020-00-18 07:00:37.336 [INFO] main: Parsed data to ship: 54
2020-00-18 07:00:37.336 [INFO] main: Parsed data to ship: 76
2020-00-18 07:00:37.337 [INFO] main: Parsed data to ship: 8
2020-00-18 07:00:37.337 [INFO] main: Parsed data to ship: 5
2020-00-18 07:00:37.337 [INFO] main: Parsed data to ship: 34
2020-00-18 07:00:37.337 [INFO] main: Parsed data to ship: 2
2020-00-18 07:00:37.338 [INFO] main: Parsed data to ship: 5
2020-00-18 07:00:37.338 [INFO] main: Parsed data to ships: [3, 4, 5, 6, 7, 8, 89, 9, 2, 5, 67, 4, 2, 54, 76, 8, 5, 34, 2, 5]
2020-01-18 07:01:22.905 [INFO] main: File found by path: src/main/resources/Ships.txt
2020-01-18 07:01:22.939 [INFO] main: Finishing reading from file
2020-01-18 07:01:22.951 [INFO] main: Parsed data to ship: 3
2020-01-18 07:01:22.952 [INFO] main: Parsed data to ship: 4
2020-01-18 07:01:22.952 [INFO] main: Parsed data to ship: 5
2020-01-18 07:01:22.952 [INFO] main: Parsed data to ship: 6
2020-01-18 07:01:22.952 [INFO] main: Parsed data to ship: 7
2020-01-18 07:01:22.953 [INFO] main: Parsed data to ship: 8
2020-01-18 07:01:22.953 [INFO] main: Parsed data to ship: 89
2020-01-18 07:01:22.953 [INFO] main: Parsed data to ship: 9
2020-01-18 07:01:22.953 [INFO] main: Parsed data to ship: 2
2020-01-18 07:01:22.954 [INFO] main: Parsed data to ship: 5
2020-01-18 07:01:22.954 [INFO] main: Parsed data to ship: 67
2020-01-18 07:01:22.954 [INFO] main: Parsed data to ship: 4
2020-01-18 07:01:22.954 [INFO] main: Parsed data to ship: 2
2020-01-18 07:01:22.955 [INFO] main: Parsed data to ship: 54
2020-01-18 07:01:22.955 [INFO] main: Parsed data to ship: 76
2020-01-18 07:01:22.955 [INFO] main: Parsed data to ship: 8
2020-01-18 07:01:22.955 [INFO] main: Parsed data to ship: 5
2020-01-18 07:01:22.956 [INFO] main: Parsed data to ship: 34
2020-01-18 07:01:22.956 [INFO] main: Parsed data to ship: 2
2020-01-18 07:01:22.956 [INFO] main: Parsed data to ship: 5
2020-01-18 07:01:22.956 [INFO] main: Parsed data to ships: [3, 4, 5, 6, 7, 8, 89, 9, 2, 5, 67, 4, 2, 54, 76, 8, 5, 34, 2, 5]
2020-15-18 07:15:05.520 [INFO] main: File found by path: src/main/resources/Ships.txt
2020-15-18 07:15:05.536 [INFO] main: Finishing reading from file
2020-15-18 07:15:05.543 [INFO] main: Parsed data to ship: 3
2020-15-18 07:15:05.544 [INFO] main: Parsed data to ship: 4
2020-15-18 07:15:05.544 [INFO] main: Parsed data to ship: 5
2020-15-18 07:15:05.544 [INFO] main: Parsed data to ships: [3, 4, 5]
2020-15-18 07:15:58.646 [INFO] main: File found by path: src/main/resources/Ships.txt
2020-15-18 07:15:58.662 [INFO] main: Finishing reading from file
2020-15-18 07:15:58.671 [INFO] main: Parsed data to ship: 3
2020-15-18 07:15:58.672 [INFO] main: Parsed data to ship: 4
2020-15-18 07:15:58.672 [INFO] main: Parsed data to ship: 5
2020-15-18 07:15:58.672 [INFO] main: Parsed data to ships: [3, 4, 5]
2020-16-18 07:16:25.079 [INFO] main: File found by path: src/main/resources/Ships.txt
2020-16-18 07:16:25.095 [INFO] main: Finishing reading from file
2020-16-18 07:16:25.106 [INFO] main: Parsed data to ship: 3
2020-16-18 07:16:25.106 [INFO] main: Parsed data to ship: 4
2020-16-18 07:16:25.107 [INFO] main: Parsed data to ship: 5
2020-16-18 07:16:25.107 [INFO] main: Parsed data to ships: [3, 4, 5]
2020-24-18 07:24:37.860 [INFO] main: File found by path: src/main/resources/Ships.txt
2020-24-18 07:24:37.870 [INFO] main: Finishing reading from file
2020-24-18 07:24:37.871 [INFO] main: Parsed data to ship: 3
2020-24-18 07:24:37.872 [INFO] main: Parsed data to ship: 4
2020-24-18 07:24:37.872 [INFO] main: Parsed data to ship: 5
2020-24-18 07:24:37.872 [INFO] main: Parsed data to ships: [3, 4, 5]
2020-24-18 07:24:37.873 [INFO] Thread-2: Ship Thread-2 arrived at dock
2020-24-18 07:24:37.874 [INFO] Thread-2: Ship Thread-2 remove containers
2020-24-18 07:24:37.875 [INFO] Thread-1: Ship Thread-1 arrived at dock
2020-24-18 07:24:37.876 [INFO] Thread-1: Ship Thread-1 remove containers
2020-24-18 07:24:37.876 [INFO] Thread-3: Ship Thread-3 arrived at dock
2020-24-18 07:24:37.876 [INFO] Thread-3: Ship Thread-3 remove containers
2020-25-18 07:25:21.487 [INFO] main: File found by path: src/main/resources/Ships.txt
2020-25-18 07:25:21.496 [INFO] main: Finishing reading from file
2020-25-18 07:25:21.498 [INFO] main: Parsed data to ship: 3
2020-25-18 07:25:21.498 [INFO] main: Parsed data to ship: 4
2020-25-18 07:25:21.498 [INFO] main: Parsed data to ship: 5
2020-25-18 07:25:21.498 [INFO] main: Parsed data to ships: [3, 4, 5]
2020-25-18 07:25:21.499 [INFO] Thread-1: Ship Thread-1 arrived at dock
2020-25-18 07:25:21.500 [INFO] Thread-1: Ship Thread-1 remove containers
2020-25-18 07:25:21.501 [INFO] Thread-2: Ship Thread-2 arrived at dock
2020-25-18 07:25:21.502 [INFO] Thread-2: Ship Thread-2 remove containers
2020-25-18 07:25:21.502 [INFO] Thread-3: Ship Thread-3 arrived at dock
2020-25-18 07:25:21.502 [INFO] Thread-3: Ship Thread-3 remove containers
2020-25-18 07:25:34.560 [INFO] main: File found by path: src/main/resources/Ships.txt
2020-25-18 07:25:34.569 [INFO] main: Finishing reading from file
2020-25-18 07:25:34.572 [INFO] main: Parsed data to ship: 3
2020-25-18 07:25:34.573 [INFO] main: Parsed data to ship: 4
2020-25-18 07:25:34.573 [INFO] main: Parsed data to ship: 5
2020-25-18 07:25:34.573 [INFO] main: Parsed data to ships: [3, 4, 5]
2020-25-18 07:25:34.577 [INFO] Thread-1: Ship Thread-1 arrived at dock
2020-25-18 07:25:34.578 [INFO] Thread-1: Ship Thread-1 remove containers
2020-25-18 07:25:34.579 [INFO] Thread-2: Ship Thread-2 arrived at dock
2020-25-18 07:25:34.579 [INFO] Thread-2: Ship Thread-2 remove containers
2020-25-18 07:25:34.580 [INFO] Thread-3: Ship Thread-3 arrived at dock
2020-25-18 07:25:34.580 [INFO] Thread-3: Ship Thread-3 remove containers
2020-33-18 07:33:54.015 [INFO] main: File found by path: src/main/resources/Ships.txt
2020-33-18 07:33:54.030 [INFO] main: Finishing reading from file
2020-33-18 07:33:54.040 [INFO] main: Parsed data to ship: 3
2020-33-18 07:33:54.040 [INFO] main: Parsed data to ship: 4
2020-33-18 07:33:54.041 [INFO] main: Parsed data to ship: 5
2020-33-18 07:33:54.041 [INFO] main: Parsed data to ships: [3, 4, 5]
2020-34-18 07:34:12.049 [INFO] Thread-2: Ship Thread-2 arrived at dock
2020-34-18 07:34:12.052 [INFO] Thread-2: Ship Thread-2 remove containers
2020-34-18 07:34:12.052 [INFO] Thread-3: Ship Thread-3 arrived at dock
2020-34-18 07:34:12.053 [INFO] Thread-3: Ship Thread-3 remove containers
2020-34-18 07:34:12.053 [INFO] Thread-1: Ship Thread-1 arrived at dock
2020-34-18 07:34:12.054 [INFO] Thread-1: Ship Thread-1 remove containers
2020-34-18 07:34:17.764 [INFO] main: File found by path: src/main/resources/Ships.txt
2020-34-18 07:34:17.780 [INFO] main: Finishing reading from file
2020-34-18 07:34:17.787 [INFO] main: Parsed data to ship: 3
2020-34-18 07:34:17.787 [INFO] main: Parsed data to ship: 4
2020-34-18 07:34:17.787 [INFO] main: Parsed data to ship: 5
2020-34-18 07:34:17.788 [INFO] main: Parsed data to ships: [3, 4, 5]
2020-34-18 07:34:20.219 [INFO] Thread-3: Ship Thread-3 arrived at dock
2020-34-18 07:34:20.221 [INFO] Thread-3: Ship Thread-3 remove containers
2020-34-18 07:34:20.221 [INFO] Thread-1: Ship Thread-1 arrived at dock
2020-34-18 07:34:20.222 [INFO] Thread-1: Ship Thread-1 remove containers
2020-34-18 07:34:20.222 [INFO] Thread-2: Ship Thread-2 arrived at dock
2020-34-18 07:34:20.223 [INFO] Thread-2: Ship Thread-2 remove containers
2020-34-18 07:34:35.871 [INFO] main: File found by path: src/main/resources/Ships.txt
2020-34-18 07:34:35.895 [INFO] main: Finishing reading from file
2020-34-18 07:34:35.902 [INFO] main: Parsed data to ship: 3
2020-34-18 07:34:35.903 [INFO] main: Parsed data to ship: 4
2020-34-18 07:34:35.903 [INFO] main: Parsed data to ship: 5
2020-34-18 07:34:35.903 [INFO] main: Parsed data to ships: [3, 4, 5]
2020-34-18 07:34:41.235 [INFO] Thread-3: Ship Thread-3 arrived at dock
2020-34-18 07:34:41.237 [INFO] Thread-3: Ship Thread-3 remove containers
2020-34-18 07:34:41.238 [INFO] Thread-2: Ship Thread-2 arrived at dock
2020-34-18 07:34:41.238 [INFO] Thread-2: Ship Thread-2 remove containers
2020-34-18 07:34:41.239 [INFO] Thread-1: Ship Thread-1 arrived at dock
2020-34-18 07:34:41.240 [INFO] Thread-1: Ship Thread-1 remove containers
2020-34-18 07:34:50.995 [INFO] main: File found by path: src/main/resources/Ships.txt
2020-34-18 07:34:51.008 [INFO] main: Finishing reading from file
2020-34-18 07:34:51.025 [INFO] main: Parsed data to ship: 3
2020-34-18 07:34:51.026 [INFO] main: Parsed data to ship: 4
2020-34-18 07:34:51.026 [INFO] main: Parsed data to ship: 5
2020-34-18 07:34:51.026 [INFO] main: Parsed data to ships: [3, 4, 5]
2020-35-18 07:35:01.779 [INFO] Thread-1: Ship Thread-1 arrived at dock
2020-35-18 07:35:01.784 [INFO] Thread-1: Ship Thread-1 remove containers
2020-35-18 07:35:01.784 [INFO] Thread-3: Ship Thread-3 arrived at dock
2020-35-18 07:35:01.785 [INFO] Thread-3: Ship Thread-3 remove containers
2020-35-18 07:35:01.785 [INFO] Thread-2: Ship Thread-2 arrived at dock
2020-35-18 07:35:01.787 [INFO] Thread-2: Ship Thread-2 remove containers
2020-35-18 07:35:16.420 [INFO] main: File found by path: src/main/resources/Ships.txt
2020-35-18 07:35:16.434 [INFO] main: Finishing reading from file
2020-35-18 07:35:16.441 [INFO] main: Parsed data to ship: 3
2020-35-18 07:35:16.441 [INFO] main: Parsed data to ship: 4
2020-35-18 07:35:16.442 [INFO] main: Parsed data to ship: 5
2020-35-18 07:35:16.442 [INFO] main: Parsed data to ships: [3, 4, 5]
2020-35-18 07:35:20.773 [INFO] Thread-2: Ship Thread-2 arrived at dock
2020-35-18 07:35:20.778 [INFO] Thread-2: Ship Thread-2 remove containers
2020-35-18 07:35:20.778 [INFO] Thread-3: Ship Thread-3 arrived at dock
2020-35-18 07:35:20.779 [INFO] Thread-3: Ship Thread-3 remove containers
2020-35-18 07:35:20.779 [INFO] Thread-1: Ship Thread-1 arrived at dock
2020-35-18 07:35:20.781 [INFO] Thread-1: Ship Thread-1 remove containers
2020-36-18 07:36:42.694 [INFO] main: File found by path: src/main/resources/Ships.txt
2020-36-18 07:36:42.714 [INFO] main: Finishing reading from file
2020-36-18 07:36:42.734 [INFO] main: Parsed data to ship: 3
2020-36-18 07:36:42.734 [INFO] main: Parsed data to ship: 4
2020-36-18 07:36:42.735 [INFO] main: Parsed data to ship: 5
2020-36-18 07:36:42.735 [INFO] main: Parsed data to ships: [3, 4, 5]
2020-36-18 07:36:46.554 [INFO] Thread-3: Ship Thread-3 arrived at dock
2020-36-18 07:36:46.557 [INFO] Thread-3: Ship Thread-3 remove containers
2020-36-18 07:36:46.557 [INFO] Thread-2: Ship Thread-2 arrived at dock
2020-36-18 07:36:46.558 [INFO] Thread-2: Ship Thread-2 remove containers
2020-36-18 07:36:46.558 [INFO] Thread-1: Ship Thread-1 arrived at dock
2020-36-18 07:36:46.559 [INFO] Thread-1: Ship Thread-1 remove containers
2020-37-18 07:37:48.841 [INFO] main: File found by path: src/main/resources/Ships.txt
2020-37-18 07:37:48.852 [INFO] main: Finishing reading from file
2020-37-18 07:37:48.855 [INFO] main: Parsed data to ship: 3
2020-37-18 07:37:48.856 [INFO] main: Parsed data to ship: 4
2020-37-18 07:37:48.856 [INFO] main: Parsed data to ship: 5
2020-37-18 07:37:48.856 [INFO] main: Parsed data to ship: 43
2020-37-18 07:37:48.856 [INFO] main: Parsed data to ship: 54
2020-37-18 07:37:48.857 [INFO] main: Parsed data to ship: 43
2020-37-18 07:37:48.857 [INFO] main: Parsed data to ship: 3
2020-37-18 07:37:48.857 [INFO] main: Parsed data to ship: 34
2020-37-18 07:37:48.857 [INFO] main: Parsed data to ship: 2
2020-37-18 07:37:48.858 [INFO] main: Parsed data to ship: 43
2020-37-18 07:37:48.858 [INFO] main: Parsed data to ship: 67
2020-37-18 07:37:48.858 [INFO] main: Parsed data to ship: 3
2020-37-18 07:37:48.858 [INFO] main: Parsed data to ship: 54
2020-37-18 07:37:48.859 [INFO] main: Parsed data to ship: 7
2020-37-18 07:37:48.859 [INFO] main: Parsed data to ship: 4
2020-37-18 07:37:48.859 [INFO] main: Parsed data to ship: 3
2020-37-18 07:37:48.859 [INFO] main: Parsed data to ship: 5
2020-37-18 07:37:48.860 [INFO] main: Parsed data to ship: 7
2020-37-18 07:37:48.860 [INFO] main: Parsed data to ship: 8
2020-37-18 07:37:48.860 [INFO] main: Parsed data to ships: [3, 4, 5, 43, 54, 43, 3, 34, 2, 43, 67, 3, 54, 7, 4, 3, 5, 7, 8]
2020-37-18 07:37:48.865 [INFO] Thread-19: Ship Thread-19 arrived at dock
2020-37-18 07:37:48.867 [INFO] Thread-19: Ship Thread-19 remove containers
2020-37-18 07:37:48.867 [INFO] Thread-5: Ship Thread-5 arrived at dock
2020-37-18 07:37:48.868 [INFO] Thread-5: Ship Thread-5 remove containers
2020-37-18 07:37:48.869 [INFO] Thread-17: Ship Thread-17 arrived at dock
2020-37-18 07:37:48.869 [INFO] Thread-17: Ship Thread-17 remove containers
2020-37-18 07:37:48.869 [INFO] Thread-16: Ship Thread-16 arrived at dock
2020-37-18 07:37:48.870 [INFO] Thread-16: Ship Thread-16 remove containers
2020-37-18 07:37:48.870 [INFO] Thread-18: Ship Thread-18 arrived at dock
2020-37-18 07:37:48.871 [INFO] Thread-18: Ship Thread-18 remove containers
2020-37-18 07:37:48.872 [INFO] Thread-14: Ship Thread-14 arrived at dock
2020-37-18 07:37:48.873 [INFO] Thread-14: Ship Thread-14 remove containers
2020-37-18 07:37:48.873 [INFO] Thread-15: Ship Thread-15 arrived at dock
2020-37-18 07:37:48.874 [INFO] Thread-15: Ship Thread-15 remove containers
2020-37-18 07:37:48.875 [INFO] Thread-12: Ship Thread-12 arrived at dock
2020-37-18 07:37:48.879 [INFO] Thread-12: Ship Thread-12 remove containers
2020-37-18 07:37:48.879 [INFO] Thread-13: Ship Thread-13 arrived at dock
2020-37-18 07:37:48.880 [INFO] Thread-13: Ship Thread-13 remove containers
2020-37-18 07:37:48.880 [INFO] Thread-11: Ship Thread-11 arrived at dock
2020-37-18 07:37:48.881 [INFO] Thread-11: Ship Thread-11 remove containers
2020-37-18 07:37:48.881 [INFO] Thread-10: Ship Thread-10 arrived at dock
2020-37-18 07:37:48.882 [INFO] Thread-10: Ship Thread-10 remove containers
2020-37-18 07:37:48.882 [INFO] Thread-9: Ship Thread-9 arrived at dock
2020-37-18 07:37:48.883 [INFO] Thread-9: Ship Thread-9 remove containers
2020-37-18 07:37:48.883 [INFO] Thread-8: Ship Thread-8 arrived at dock
2020-37-18 07:37:48.883 [INFO] Thread-8: Ship Thread-8 remove containers
2020-37-18 07:37:48.884 [INFO] Thread-7: Ship Thread-7 arrived at dock
2020-37-18 07:37:48.884 [INFO] Thread-7: Ship Thread-7 remove containers
2020-37-18 07:37:48.884 [INFO] Thread-6: Ship Thread-6 arrived at dock
2020-37-18 07:37:48.885 [INFO] Thread-6: Ship Thread-6 remove containers
2020-37-18 07:37:48.885 [INFO] Thread-1: Ship Thread-1 arrived at dock
2020-37-18 07:37:48.886 [INFO] Thread-1: Ship Thread-1 remove containers
2020-37-18 07:37:48.886 [INFO] Thread-2: Ship Thread-2 arrived at dock
2020-37-18 07:37:48.886 [INFO] Thread-2: Ship Thread-2 remove containers
2020-37-18 07:37:48.887 [INFO] Thread-3: Ship Thread-3 arrived at dock
2020-37-18 07:37:48.887 [INFO] Thread-3: Ship Thread-3 remove containers
2020-37-18 07:37:48.887 [INFO] Thread-4: Ship Thread-4 arrived at dock
2020-37-18 07:37:48.888 [INFO] Thread-4: Ship Thread-4 remove containers
2020-42-18 07:42:54.018 [INFO] main: File found by path: src/main/resources/Ships.txt
2020-42-18 07:42:54.026 [INFO] main: Finishing reading from file
2020-42-18 07:42:54.027 [INFO] main: Parsed data to ship: 3
2020-42-18 07:42:54.028 [INFO] main: Parsed data to ship: 4
2020-42-18 07:42:54.028 [INFO] main: Parsed data to ship: 5
2020-42-18 07:42:54.028 [INFO] main: Parsed data to ship: 43
2020-42-18 07:42:54.029 [INFO] main: Parsed data to ship: 54
2020-42-18 07:42:54.029 [INFO] main: Parsed data to ship: 43
2020-42-18 07:42:54.029 [INFO] main: Parsed data to ship: 3
2020-42-18 07:42:54.029 [INFO] main: Parsed data to ship: 34
2020-42-18 07:42:54.029 [INFO] main: Parsed data to ship: 2
2020-42-18 07:42:54.030 [INFO] main: Parsed data to ship: 43
2020-42-18 07:42:54.030 [INFO] main: Parsed data to ship: 67
2020-42-18 07:42:54.030 [INFO] main: Parsed data to ship: 3
2020-42-18 07:42:54.030 [INFO] main: Parsed data to ship: 54
2020-42-18 07:42:54.030 [INFO] main: Parsed data to ship: 7
2020-42-18 07:42:54.031 [INFO] main: Parsed data to ship: 4
2020-42-18 07:42:54.031 [INFO] main: Parsed data to ship: 3
2020-42-18 07:42:54.031 [INFO] main: Parsed data to ship: 5
2020-42-18 07:42:54.031 [INFO] main: Parsed data to ship: 7
2020-42-18 07:42:54.031 [INFO] main: Parsed data to ship: 8
2020-42-18 07:42:54.031 [INFO] main: Parsed data to ships: [3, 4, 5, 43, 54, 43, 3, 34, 2, 43, 67, 3, 54, 7, 4, 3, 5, 7, 8]
2020-42-18 07:42:54.036 [INFO] Thread-3: Ship Thread-3 arrived at dock
2020-42-18 07:42:54.038 [INFO] Thread-3: Ship Thread-3 remove containers
2020-42-18 07:42:54.038 [INFO] Thread-19: Ship Thread-19 arrived at dock
2020-42-18 07:42:54.039 [INFO] Thread-19: Ship Thread-19 remove containers
2020-42-18 07:42:54.039 [INFO] Thread-17: Ship Thread-17 arrived at dock
2020-42-18 07:42:54.040 [INFO] Thread-17: Ship Thread-17 remove containers
2020-42-18 07:42:54.040 [INFO] Thread-18: Ship Thread-18 arrived at dock
2020-42-18 07:42:54.040 [INFO] Thread-18: Ship Thread-18 remove containers
2020-42-18 07:42:54.041 [INFO] Thread-16: Ship Thread-16 arrived at dock
2020-42-18 07:42:54.041 [INFO] Thread-16: Ship Thread-16 remove containers
2020-42-18 07:42:54.041 [INFO] Thread-15: Ship Thread-15 arrived at dock
2020-42-18 07:42:54.042 [INFO] Thread-15: Ship Thread-15 remove containers
2020-42-18 07:42:54.042 [INFO] Thread-14: Ship Thread-14 arrived at dock
2020-42-18 07:42:54.043 [INFO] Thread-14: Ship Thread-14 remove containers
2020-42-18 07:42:54.043 [INFO] Thread-13: Ship Thread-13 arrived at dock
2020-42-18 07:42:54.045 [INFO] Thread-13: Ship Thread-13 remove containers
2020-42-18 07:42:54.046 [INFO] Thread-12: Ship Thread-12 arrived at dock
2020-42-18 07:42:54.046 [INFO] Thread-12: Ship Thread-12 remove containers
2020-42-18 07:42:54.046 [INFO] Thread-11: Ship Thread-11 arrived at dock
2020-42-18 07:42:54.047 [INFO] Thread-11: Ship Thread-11 remove containers
2020-42-18 07:42:54.047 [INFO] Thread-10: Ship Thread-10 arrived at dock
2020-42-18 07:42:54.047 [INFO] Thread-10: Ship Thread-10 remove containers
2020-42-18 07:42:54.048 [INFO] Thread-9: Ship Thread-9 arrived at dock
2020-42-18 07:42:54.048 [INFO] Thread-9: Ship Thread-9 remove containers
2020-42-18 07:42:54.048 [INFO] Thread-8: Ship Thread-8 arrived at dock
2020-42-18 07:42:54.049 [INFO] Thread-8: Ship Thread-8 remove containers
2020-42-18 07:42:54.049 [INFO] Thread-7: Ship Thread-7 arrived at dock
2020-42-18 07:42:54.049 [INFO] Thread-7: Ship Thread-7 remove containers
2020-42-18 07:42:54.050 [INFO] Thread-6: Ship Thread-6 arrived at dock
2020-42-18 07:42:54.050 [INFO] Thread-6: Ship Thread-6 remove containers
2020-42-18 07:42:54.050 [INFO] Thread-1: Ship Thread-1 arrived at dock
2020-42-18 07:42:54.051 [INFO] Thread-1: Ship Thread-1 remove containers
2020-42-18 07:42:54.051 [INFO] Thread-2: Ship Thread-2 arrived at dock
2020-42-18 07:42:54.051 [INFO] Thread-2: Ship Thread-2 remove containers
2020-42-18 07:42:54.051 [INFO] Thread-4: Ship Thread-4 arrived at dock
2020-42-18 07:42:54.052 [INFO] Thread-4: Ship Thread-4 remove containers
2020-42-18 07:42:54.052 [INFO] Thread-5: Ship Thread-5 arrived at dock
2020-42-18 07:42:54.053 [INFO] Thread-5: Ship Thread-5 remove containers
2020-43-18 07:43:22.240 [INFO] main: File found by path: src/main/resources/Ships.txt
2020-43-18 07:43:22.251 [INFO] main: Finishing reading from file
2020-43-18 07:43:22.254 [INFO] main: Parsed data to ship: 3
2020-43-18 07:43:22.254 [INFO] main: Parsed data to ship: 4
2020-43-18 07:43:22.254 [INFO] main: Parsed data to ship: 5
2020-43-18 07:43:22.255 [INFO] main: Parsed data to ship: 43
2020-43-18 07:43:22.255 [INFO] main: Parsed data to ship: 54
2020-43-18 07:43:22.255 [INFO] main: Parsed data to ship: 43
2020-43-18 07:43:22.255 [INFO] main: Parsed data to ship: 3
2020-43-18 07:43:22.256 [INFO] main: Parsed data to ship: 34
2020-43-18 07:43:22.256 [INFO] main: Parsed data to ship: 2
2020-43-18 07:43:22.256 [INFO] main: Parsed data to ship: 43
2020-43-18 07:43:22.256 [INFO] main: Parsed data to ship: 67
2020-43-18 07:43:22.256 [INFO] main: Parsed data to ship: 3
2020-43-18 07:43:22.257 [INFO] main: Parsed data to ship: 54
2020-43-18 07:43:22.257 [INFO] main: Parsed data to ship: 7
2020-43-18 07:43:22.257 [INFO] main: Parsed data to ship: 4
2020-43-18 07:43:22.257 [INFO] main: Parsed data to ship: 3
2020-43-18 07:43:22.257 [INFO] main: Parsed data to ship: 5
2020-43-18 07:43:22.258 [INFO] main: Parsed data to ship: 7
2020-43-18 07:43:22.258 [INFO] main: Parsed data to ship: 8
2020-43-18 07:43:22.258 [INFO] main: Parsed data to ships: [3, 4, 5, 43, 54, 43, 3, 34, 2, 43, 67, 3, 54, 7, 4, 3, 5, 7, 8]
2020-43-18 07:43:22.263 [INFO] Thread-1: Ship Thread-1 arrived at dock
2020-43-18 07:43:22.265 [INFO] Thread-1: Ship Thread-1 remove containers
2020-43-18 07:43:22.265 [INFO] Thread-11: Ship Thread-11 arrived at dock
2020-43-18 07:43:22.266 [INFO] Thread-11: Ship Thread-11 remove containers
2020-43-18 07:43:22.266 [INFO] Thread-19: Ship Thread-19 arrived at dock
2020-43-18 07:43:22.267 [INFO] Thread-19: Ship Thread-19 remove containers
2020-43-18 07:43:22.267 [INFO] Thread-10: Ship Thread-10 arrived at dock
2020-43-18 07:43:22.267 [INFO] Thread-10: Ship Thread-10 remove containers
2020-43-18 07:43:22.268 [INFO] Thread-12: Ship Thread-12 arrived at dock
2020-43-18 07:43:22.268 [INFO] Thread-12: Ship Thread-12 remove containers
2020-43-18 07:43:22.268 [INFO] Thread-13: Ship Thread-13 arrived at dock
2020-43-18 07:43:22.269 [INFO] Thread-13: Ship Thread-13 remove containers
2020-43-18 07:43:22.269 [INFO] Thread-9: Ship Thread-9 arrived at dock
2020-43-18 07:43:22.270 [INFO] Thread-9: Ship Thread-9 remove containers
2020-43-18 07:43:22.270 [INFO] Thread-14: Ship Thread-14 arrived at dock
2020-43-18 07:43:22.271 [INFO] Thread-14: Ship Thread-14 remove containers
2020-43-18 07:43:22.271 [INFO] Thread-16: Ship Thread-16 arrived at dock
2020-43-18 07:43:22.271 [INFO] Thread-16: Ship Thread-16 remove containers
2020-43-18 07:43:22.272 [INFO] Thread-8: Ship Thread-8 arrived at dock
2020-43-18 07:43:22.272 [INFO] Thread-8: Ship Thread-8 remove containers
2020-43-18 07:43:22.272 [INFO] Thread-15: Ship Thread-15 arrived at dock
2020-43-18 07:43:22.273 [INFO] Thread-15: Ship Thread-15 remove containers
2020-43-18 07:43:22.273 [INFO] Thread-6: Ship Thread-6 arrived at dock
2020-43-18 07:43:22.274 [INFO] Thread-6: Ship Thread-6 remove containers
2020-43-18 07:43:22.274 [INFO] Thread-7: Ship Thread-7 arrived at dock
2020-43-18 07:43:22.274 [INFO] Thread-7: Ship Thread-7 remove containers
2020-43-18 07:43:22.275 [INFO] Thread-17: Ship Thread-17 arrived at dock
2020-43-18 07:43:22.275 [INFO] Thread-17: Ship Thread-17 remove containers
2020-43-18 07:43:22.275 [INFO] Thread-18: Ship Thread-18 arrived at dock
2020-43-18 07:43:22.276 [INFO] Thread-18: Ship Thread-18 remove containers
2020-43-18 07:43:22.276 [INFO] Thread-5: Ship Thread-5 arrived at dock
2020-43-18 07:43:22.276 [INFO] Thread-5: Ship Thread-5 remove containers
2020-43-18 07:43:22.277 [INFO] Thread-4: Ship Thread-4 arrived at dock
2020-43-18 07:43:22.277 [INFO] Thread-4: Ship Thread-4 remove containers
2020-43-18 07:43:22.277 [INFO] Thread-3: Ship Thread-3 arrived at dock
2020-43-18 07:43:22.278 [INFO] Thread-3: Ship Thread-3 remove containers
2020-43-18 07:43:22.278 [INFO] Thread-2: Ship Thread-2 arrived at dock
2020-43-18 07:43:22.278 [INFO] Thread-2: Ship Thread-2 remove containers
2020-45-18 07:45:43.051 [INFO] main: File found by path: src/main/resources/Ships.txt
2020-45-18 07:45:43.060 [INFO] main: Finishing reading from file
2020-45-18 07:45:43.062 [INFO] main: Parsed data to ship: 3
2020-45-18 07:45:43.063 [INFO] main: Parsed data to ship: 4
2020-45-18 07:45:43.063 [INFO] main: Parsed data to ship: 5
2020-45-18 07:45:43.063 [INFO] main: Parsed data to ship: 43
2020-45-18 07:45:43.063 [INFO] main: Parsed data to ship: 54
2020-45-18 07:45:43.064 [INFO] main: Parsed data to ship: 43
2020-45-18 07:45:43.064 [INFO] main: Parsed data to ship: 3
2020-45-18 07:45:43.064 [INFO] main: Parsed data to ship: 34
2020-45-18 07:45:43.064 [INFO] main: Parsed data to ship: 2
2020-45-18 07:45:43.064 [INFO] main: Parsed data to ship: 43
2020-45-18 07:45:43.065 [INFO] main: Parsed data to ship: 67
2020-45-18 07:45:43.065 [INFO] main: Parsed data to ship: 3
2020-45-18 07:45:43.065 [INFO] main: Parsed data to ship: 54
2020-45-18 07:45:43.065 [INFO] main: Parsed data to ship: 7
2020-45-18 07:45:43.065 [INFO] main: Parsed data to ship: 4
2020-45-18 07:45:43.065 [INFO] main: Parsed data to ship: 3
2020-45-18 07:45:43.066 [INFO] main: Parsed data to ship: 5
2020-45-18 07:45:43.066 [INFO] main: Parsed data to ship: 7
2020-45-18 07:45:43.066 [INFO] main: Parsed data to ship: 8
2020-45-18 07:45:43.066 [INFO] main: Parsed data to ships: [3, 4, 5, 43, 54, 43, 3, 34, 2, 43, 67, 3, 54, 7, 4, 3, 5, 7, 8]
2020-45-18 07:45:43.071 [INFO] Thread-16: Ship Thread-16 arrived at dock
2020-45-18 07:45:43.073 [INFO] Thread-16: Ship Thread-16 remove containers
2020-45-18 07:45:43.074 [INFO] Thread-15: Ship Thread-15 arrived at dock
2020-45-18 07:45:43.075 [INFO] Thread-15: Ship Thread-15 remove containers
2020-45-18 07:45:43.075 [INFO] Thread-14: Ship Thread-14 arrived at dock
2020-45-18 07:45:43.075 [INFO] Thread-14: Ship Thread-14 remove containers
2020-45-18 07:45:43.075 [INFO] Thread-13: Ship Thread-13 arrived at dock
2020-45-18 07:45:43.076 [INFO] Thread-13: Ship Thread-13 remove containers
2020-45-18 07:45:43.076 [INFO] Thread-12: Ship Thread-12 arrived at dock
2020-45-18 07:45:43.077 [INFO] Thread-12: Ship Thread-12 remove containers
2020-45-18 07:45:43.077 [INFO] Thread-11: Ship Thread-11 arrived at dock
2020-45-18 07:45:43.078 [INFO] Thread-11: Ship Thread-11 remove containers
2020-45-18 07:45:43.078 [INFO] Thread-10: Ship Thread-10 arrived at dock
2020-45-18 07:45:43.078 [INFO] Thread-10: Ship Thread-10 remove containers
2020-45-18 07:45:43.078 [INFO] Thread-9: Ship Thread-9 arrived at dock
2020-45-18 07:45:43.079 [INFO] Thread-9: Ship Thread-9 remove containers
2020-45-18 07:45:43.079 [INFO] Thread-8: Ship Thread-8 arrived at dock
2020-45-18 07:45:43.080 [INFO] Thread-8: Ship Thread-8 remove containers
2020-45-18 07:45:43.080 [INFO] Thread-7: Ship Thread-7 arrived at dock
2020-45-18 07:45:43.080 [INFO] Thread-7: Ship Thread-7 remove containers
2020-45-18 07:45:43.081 [INFO] Thread-6: Ship Thread-6 arrived at dock
2020-45-18 07:45:43.081 [INFO] Thread-6: Ship Thread-6 remove containers
2020-45-18 07:45:43.081 [INFO] Thread-5: Ship Thread-5 arrived at dock
2020-45-18 07:45:43.082 [INFO] Thread-5: Ship Thread-5 remove containers
2020-45-18 07:45:43.082 [INFO] Thread-4: Ship Thread-4 arrived at dock
2020-45-18 07:45:43.082 [INFO] Thread-4: Ship Thread-4 remove containers
2020-45-18 07:45:43.082 [INFO] Thread-3: Ship Thread-3 arrived at dock
2020-45-18 07:45:43.083 [INFO] Thread-3: Ship Thread-3 remove containers
2020-45-18 07:45:43.083 [INFO] Thread-2: Ship Thread-2 arrived at dock
2020-45-18 07:45:43.083 [INFO] Thread-2: Ship Thread-2 remove containers
2020-46-18 07:46:45.108 [INFO] main: File found by path: src/main/resources/Ships.txt
2020-46-18 07:46:45.126 [INFO] main: Finishing reading from file
2020-46-18 07:46:45.129 [INFO] main: Parsed data to ship: 3
2020-46-18 07:46:45.129 [INFO] main: Parsed data to ship: 4
2020-46-18 07:46:45.130 [INFO] main: Parsed data to ship: 5
2020-46-18 07:46:45.132 [INFO] main: Parsed data to ship: 43
2020-46-18 07:46:45.132 [INFO] main: Parsed data to ship: 54
2020-46-18 07:46:45.134 [INFO] main: Parsed data to ship: 43
2020-46-18 07:46:45.135 [INFO] main: Parsed data to ship: 3
2020-46-18 07:46:45.135 [INFO] main: Parsed data to ship: 34
2020-46-18 07:46:45.136 [INFO] main: Parsed data to ship: 2
2020-46-18 07:46:45.136 [INFO] main: Parsed data to ship: 43
2020-46-18 07:46:45.136 [INFO] main: Parsed data to ship: 67
2020-46-18 07:46:45.137 [INFO] main: Parsed data to ship: 3
2020-46-18 07:46:45.137 [INFO] main: Parsed data to ship: 54
2020-46-18 07:46:45.137 [INFO] main: Parsed data to ship: 7
2020-46-18 07:46:45.138 [INFO] main: Parsed data to ship: 4
2020-46-18 07:46:45.139 [INFO] main: Parsed data to ship: 3
2020-46-18 07:46:45.139 [INFO] main: Parsed data to ship: 5
2020-46-18 07:46:45.139 [INFO] main: Parsed data to ship: 7
2020-46-18 07:46:45.140 [INFO] main: Parsed data to ship: 8
2020-46-18 07:46:45.140 [INFO] main: Parsed data to ships: [3, 4, 5, 43, 54, 43, 3, 34, 2, 43, 67, 3, 54, 7, 4, 3, 5, 7, 8]
2020-47-18 07:47:05.251 [INFO] main: File found by path: src/main/resources/Ships.txt
2020-47-18 07:47:05.259 [INFO] main: Finishing reading from file
2020-47-18 07:47:05.261 [INFO] main: Parsed data to ship: 3
2020-47-18 07:47:05.261 [INFO] main: Parsed data to ship: 4
2020-47-18 07:47:05.261 [INFO] main: Parsed data to ship: 5
2020-47-18 07:47:05.261 [INFO] main: Parsed data to ship: 43
2020-47-18 07:47:05.262 [INFO] main: Parsed data to ship: 54
2020-47-18 07:47:05.262 [INFO] main: Parsed data to ship: 43
2020-47-18 07:47:05.262 [INFO] main: Parsed data to ship: 3
2020-47-18 07:47:05.262 [INFO] main: Parsed data to ship: 34
2020-47-18 07:47:05.263 [INFO] main: Parsed data to ship: 2
2020-47-18 07:47:05.263 [INFO] main: Parsed data to ship: 43
2020-47-18 07:47:05.263 [INFO] main: Parsed data to ship: 67
2020-47-18 07:47:05.263 [INFO] main: Parsed data to ship: 3
2020-47-18 07:47:05.263 [INFO] main: Parsed data to ship: 54
2020-47-18 07:47:05.264 [INFO] main: Parsed data to ship: 7
2020-47-18 07:47:05.264 [INFO] main: Parsed data to ship: 4
2020-47-18 07:47:05.264 [INFO] main: Parsed data to ship: 3
2020-47-18 07:47:05.264 [INFO] main: Parsed data to ship: 5
2020-47-18 07:47:05.264 [INFO] main: Parsed data to ship: 7
2020-47-18 07:47:05.264 [INFO] main: Parsed data to ship: 8
2020-47-18 07:47:05.264 [INFO] main: Parsed data to ships: [3, 4, 5, 43, 54, 43, 3, 34, 2, 43, 67, 3, 54, 7, 4, 3, 5, 7, 8]
2020-47-18 07:47:05.269 [INFO] Thread-19: Ship Thread-19 arrived at dock
2020-47-18 07:47:05.271 [INFO] Thread-19: Ship Thread-19 remove containers
2020-47-18 07:47:05.271 [INFO] Thread-14: Ship Thread-14 arrived at dock
2020-47-18 07:47:05.272 [INFO] Thread-14: Ship Thread-14 remove containers
2020-47-18 07:47:05.272 [INFO] Thread-17: Ship Thread-17 arrived at dock
2020-47-18 07:47:05.272 [INFO] Thread-17: Ship Thread-17 remove containers
2020-47-18 07:47:05.273 [INFO] Thread-13: Ship Thread-13 arrived at dock
2020-47-18 07:47:05.273 [INFO] Thread-13: Ship Thread-13 remove containers
2020-47-18 07:47:05.273 [INFO] Thread-15: Ship Thread-15 arrived at dock
2020-47-18 07:47:05.274 [INFO] Thread-15: Ship Thread-15 remove containers
2020-47-18 07:47:05.274 [INFO] Thread-12: Ship Thread-12 arrived at dock
2020-47-18 07:47:05.275 [INFO] Thread-12: Ship Thread-12 remove containers
2020-47-18 07:47:05.275 [INFO] Thread-16: Ship Thread-16 arrived at dock
2020-47-18 07:47:05.276 [INFO] Thread-16: Ship Thread-16 remove containers
2020-47-18 07:47:05.276 [INFO] Thread-11: Ship Thread-11 arrived at dock
2020-47-18 07:47:05.279 [INFO] Thread-11: Ship Thread-11 remove containers
2020-47-18 07:47:05.279 [INFO] Thread-18: Ship Thread-18 arrived at dock
2020-47-18 07:47:05.280 [INFO] Thread-18: Ship Thread-18 remove containers
2020-47-18 07:47:05.280 [INFO] Thread-10: Ship Thread-10 arrived at dock
2020-47-18 07:47:05.281 [INFO] Thread-10: Ship Thread-10 remove containers
2020-47-18 07:47:05.281 [INFO] Thread-9: Ship Thread-9 arrived at dock
2020-47-18 07:47:05.281 [INFO] Thread-9: Ship Thread-9 remove containers
2020-47-18 07:47:05.282 [INFO] Thread-8: Ship Thread-8 arrived at dock
2020-47-18 07:47:05.282 [INFO] Thread-8: Ship Thread-8 remove containers
2020-47-18 07:47:05.282 [INFO] Thread-7: Ship Thread-7 arrived at dock
2020-47-18 07:47:05.283 [INFO] Thread-7: Ship Thread-7 remove containers
2020-47-18 07:47:05.283 [INFO] Thread-6: Ship Thread-6 arrived at dock
2020-47-18 07:47:05.283 [INFO] Thread-6: Ship Thread-6 remove containers
2020-47-18 07:47:05.283 [INFO] Thread-5: Ship Thread-5 arrived at dock
2020-47-18 07:47:05.284 [INFO] Thread-5: Ship Thread-5 remove containers
2020-47-18 07:47:05.284 [INFO] Thread-4: Ship Thread-4 arrived at dock
2020-47-18 07:47:05.284 [INFO] Thread-4: Ship Thread-4 remove containers
2020-47-18 07:47:05.284 [INFO] Thread-1: Ship Thread-1 arrived at dock
2020-47-18 07:47:05.285 [INFO] Thread-1: Ship Thread-1 remove containers
2020-47-18 07:47:05.285 [INFO] Thread-3: Ship Thread-3 arrived at dock
2020-47-18 07:47:05.285 [INFO] Thread-3: Ship Thread-3 remove containers
2020-47-18 07:47:47.183 [INFO] main: File found by path: src/main/resources/Ships.txt
2020-47-18 07:47:47.193 [INFO] main: Finishing reading from file
2020-47-18 07:47:47.195 [INFO] main: Parsed data to ship: 3
2020-47-18 07:47:47.195 [INFO] main: Parsed data to ship: 4
2020-47-18 07:47:47.196 [INFO] main: Parsed data to ship: 5
2020-47-18 07:47:47.196 [INFO] main: Parsed data to ship: 43
2020-47-18 07:47:47.196 [INFO] main: Parsed data to ship: 54
2020-47-18 07:47:47.196 [INFO] main: Parsed data to ship: 43
2020-47-18 07:47:47.197 [INFO] main: Parsed data to ship: 3
2020-47-18 07:47:47.197 [INFO] main: Parsed data to ship: 34
2020-47-18 07:47:47.197 [INFO] main: Parsed data to ship: 2
2020-47-18 07:47:47.197 [INFO] main: Parsed data to ship: 43
2020-47-18 07:47:47.198 [INFO] main: Parsed data to ship: 67
2020-47-18 07:47:47.198 [INFO] main: Parsed data to ship: 3
2020-47-18 07:47:47.198 [INFO] main: Parsed data to ship: 54
2020-47-18 07:47:47.198 [INFO] main: Parsed data to ship: 7
2020-47-18 07:47:47.198 [INFO] main: Parsed data to ship: 4
2020-47-18 07:47:47.198 [INFO] main: Parsed data to ship: 3
2020-47-18 07:47:47.199 [INFO] main: Parsed data to ship: 5
2020-47-18 07:47:47.199 [INFO] main: Parsed data to ship: 7
2020-47-18 07:47:47.199 [INFO] main: Parsed data to ship: 8
2020-47-18 07:47:47.199 [INFO] main: Parsed data to ships: [3, 4, 5, 43, 54, 43, 3, 34, 2, 43, 67, 3, 54, 7, 4, 3, 5, 7, 8]
2020-47-18 07:47:47.204 [INFO] Thread-16: Ship Thread-16 arrived at dock
2020-47-18 07:47:47.206 [INFO] Thread-16: Ship Thread-16 remove containers
2020-47-18 07:47:47.206 [INFO] Thread-14: Ship Thread-14 arrived at dock
2020-47-18 07:47:47.207 [INFO] Thread-14: Ship Thread-14 remove containers
2020-47-18 07:47:47.207 [INFO] Thread-13: Ship Thread-13 arrived at dock
2020-47-18 07:47:47.208 [INFO] Thread-13: Ship Thread-13 remove containers
2020-47-18 07:47:47.208 [INFO] Thread-15: Ship Thread-15 arrived at dock
2020-47-18 07:47:47.209 [INFO] Thread-15: Ship Thread-15 remove containers
2020-47-18 07:47:47.209 [INFO] Thread-12: Ship Thread-12 arrived at dock
2020-47-18 07:47:47.209 [INFO] Thread-12: Ship Thread-12 remove containers
2020-47-18 07:47:47.210 [INFO] Thread-11: Ship Thread-11 arrived at dock
2020-47-18 07:47:47.210 [INFO] Thread-11: Ship Thread-11 remove containers
2020-47-18 07:47:47.211 [INFO] Thread-10: Ship Thread-10 arrived at dock
2020-47-18 07:47:47.211 [INFO] Thread-10: Ship Thread-10 remove containers
2020-47-18 07:47:47.211 [INFO] Thread-9: Ship Thread-9 arrived at dock
2020-47-18 07:47:47.214 [INFO] Thread-9: Ship Thread-9 remove containers
2020-47-18 07:47:47.215 [INFO] Thread-8: Ship Thread-8 arrived at dock
2020-47-18 07:47:47.215 [INFO] Thread-8: Ship Thread-8 remove containers
2020-47-18 07:47:47.216 [INFO] Thread-7: Ship Thread-7 arrived at dock
2020-47-18 07:47:47.216 [INFO] Thread-7: Ship Thread-7 remove containers
2020-47-18 07:47:47.216 [INFO] Thread-6: Ship Thread-6 arrived at dock
2020-47-18 07:47:47.217 [INFO] Thread-6: Ship Thread-6 remove containers
2020-47-18 07:47:47.217 [INFO] Thread-5: Ship Thread-5 arrived at dock
2020-47-18 07:47:47.218 [INFO] Thread-5: Ship Thread-5 remove containers
2020-47-18 07:47:47.218 [INFO] Thread-4: Ship Thread-4 arrived at dock
2020-47-18 07:47:47.219 [INFO] Thread-4: Ship Thread-4 remove containers
2020-47-18 07:47:47.219 [INFO] Thread-3: Ship Thread-3 arrived at dock
2020-47-18 07:47:47.219 [INFO] Thread-3: Ship Thread-3 remove containers
2020-47-18 07:47:47.219 [INFO] Thread-2: Ship Thread-2 arrived at dock
2020-47-18 07:47:47.220 [INFO] Thread-2: Ship Thread-2 remove containers
2020-48-18 07:48:07.887 [INFO] main: File found by path: src/main/resources/Ships.txt
2020-48-18 07:48:07.897 [INFO] main: Finishing reading from file
2020-48-18 07:48:07.899 [INFO] main: Parsed data to ship: 3
2020-48-18 07:48:07.900 [INFO] main: Parsed data to ship: 4
2020-48-18 07:48:07.900 [INFO] main: Parsed data to ship: 5
2020-48-18 07:48:07.900 [INFO] main: Parsed data to ship: 43
2020-48-18 07:48:07.900 [INFO] main: Parsed data to ship: 54
2020-48-18 07:48:07.900 [INFO] main: Parsed data to ship: 43
2020-48-18 07:48:07.901 [INFO] main: Parsed data to ship: 3
2020-48-18 07:48:07.901 [INFO] main: Parsed data to ship: 34
2020-48-18 07:48:07.902 [INFO] main: Parsed data to ship: 2
2020-48-18 07:48:07.902 [INFO] main: Parsed data to ship: 43
2020-48-18 07:48:07.902 [INFO] main: Parsed data to ship: 67
2020-48-18 07:48:07.903 [INFO] main: Parsed data to ship: 3
2020-48-18 07:48:07.903 [INFO] main: Parsed data to ship: 54
2020-48-18 07:48:07.903 [INFO] main: Parsed data to ship: 7
2020-48-18 07:48:07.903 [INFO] main: Parsed data to ship: 4
2020-48-18 07:48:07.903 [INFO] main: Parsed data to ship: 3
2020-48-18 07:48:07.903 [INFO] main: Parsed data to ship: 5
2020-48-18 07:48:07.904 [INFO] main: Parsed data to ship: 7
2020-48-18 07:48:07.904 [INFO] main: Parsed data to ship: 8
2020-48-18 07:48:07.904 [INFO] main: Parsed data to ships: [3, 4, 5, 43, 54, 43, 3, 34, 2, 43, 67, 3, 54, 7, 4, 3, 5, 7, 8]
2020-48-18 07:48:09.906 [INFO] Thread-2: Ship Thread-2 arrived at dock
2020-48-18 07:48:09.909 [INFO] Thread-2: Ship Thread-2 remove containers
2020-48-18 07:48:11.906 [INFO] Thread-3: Ship Thread-3 arrived at dock
2020-48-18 07:48:11.907 [INFO] Thread-3: Ship Thread-3 remove containers
2020-48-18 07:48:13.906 [INFO] Thread-4: Ship Thread-4 arrived at dock
2020-48-18 07:48:13.907 [INFO] Thread-4: Ship Thread-4 remove containers
2020-48-18 07:48:15.907 [INFO] Thread-5: Ship Thread-5 arrived at dock
2020-48-18 07:48:15.908 [INFO] Thread-5: Ship Thread-5 remove containers
2020-48-18 07:48:17.908 [INFO] Thread-6: Ship Thread-6 arrived at dock
2020-48-18 07:48:17.908 [INFO] Thread-6: Ship Thread-6 remove containers
2020-48-18 07:48:19.908 [INFO] Thread-7: Ship Thread-7 arrived at dock
2020-48-18 07:48:19.910 [INFO] Thread-7: Ship Thread-7 remove containers
2020-48-18 07:48:21.909 [INFO] Thread-8: Ship Thread-8 arrived at dock
2020-48-18 07:48:21.910 [INFO] Thread-8: Ship Thread-8 remove containers
2020-48-18 07:48:33.212 [INFO] main: File found by path: src/main/resources/Ships.txt
2020-48-18 07:48:33.222 [INFO] main: Finishing reading from file
2020-48-18 07:48:33.224 [INFO] main: Parsed data to ship: 3
2020-48-18 07:48:33.224 [INFO] main: Parsed data to ship: 4
2020-48-18 07:48:33.224 [INFO] main: Parsed data to ship: 5
2020-48-18 07:48:33.225 [INFO] main: Parsed data to ship: 43
2020-48-18 07:48:33.225 [INFO] main: Parsed data to ship: 54
2020-48-18 07:48:33.225 [INFO] main: Parsed data to ship: 43
2020-48-18 07:48:33.225 [INFO] main: Parsed data to ship: 3
2020-48-18 07:48:33.226 [INFO] main: Parsed data to ship: 34
2020-48-18 07:48:33.226 [INFO] main: Parsed data to ship: 2
2020-48-18 07:48:33.226 [INFO] main: Parsed data to ship: 43
2020-48-18 07:48:33.226 [INFO] main: Parsed data to ship: 67
2020-48-18 07:48:33.226 [INFO] main: Parsed data to ship: 3
2020-48-18 07:48:33.227 [INFO] main: Parsed data to ship: 54
2020-48-18 07:48:33.227 [INFO] main: Parsed data to ship: 7
2020-48-18 07:48:33.227 [INFO] main: Parsed data to ship: 4
2020-48-18 07:48:33.227 [INFO] main: Parsed data to ship: 3
2020-48-18 07:48:33.227 [INFO] main: Parsed data to ship: 5
2020-48-18 07:48:33.228 [INFO] main: Parsed data to ship: 7
2020-48-18 07:48:33.228 [INFO] main: Parsed data to ship: 8
2020-48-18 07:48:33.228 [INFO] main: Parsed data to ships: [3, 4, 5, 43, 54, 43, 3, 34, 2, 43, 67, 3, 54, 7, 4, 3, 5, 7, 8]
2020-48-18 07:48:33.232 [INFO] Thread-17: Ship Thread-17 arrived at dock
2020-48-18 07:48:33.234 [INFO] Thread-17: Ship Thread-17 remove containers
2020-48-18 07:48:33.235 [INFO] Thread-18: Ship Thread-18 arrived at dock
2020-48-18 07:48:33.235 [INFO] Thread-18: Ship Thread-18 remove containers
2020-48-18 07:48:33.235 [INFO] Thread-16: Ship Thread-16 arrived at dock
2020-48-18 07:48:33.236 [INFO] Thread-16: Ship Thread-16 remove containers
2020-48-18 07:48:33.236 [INFO] Thread-15: Ship Thread-15 arrived at dock
2020-48-18 07:48:33.237 [INFO] Thread-15: Ship Thread-15 remove containers
2020-48-18 07:48:33.237 [INFO] Thread-14: Ship Thread-14 arrived at dock
2020-48-18 07:48:33.237 [INFO] Thread-14: Ship Thread-14 remove containers
2020-48-18 07:48:33.238 [INFO] Thread-13: Ship Thread-13 arrived at dock
2020-48-18 07:48:33.238 [INFO] Thread-13: Ship Thread-13 remove containers
2020-48-18 07:48:33.238 [INFO] Thread-12: Ship Thread-12 arrived at dock
2020-48-18 07:48:33.239 [INFO] Thread-12: Ship Thread-12 remove containers
2020-48-18 07:48:33.239 [INFO] Thread-11: Ship Thread-11 arrived at dock
2020-48-18 07:48:33.242 [INFO] Thread-11: Ship Thread-11 remove containers
2020-48-18 07:48:33.242 [INFO] Thread-10: Ship Thread-10 arrived at dock
2020-48-18 07:48:33.243 [INFO] Thread-10: Ship Thread-10 remove containers
2020-48-18 07:48:33.243 [INFO] Thread-9: Ship Thread-9 arrived at dock
2020-48-18 07:48:33.243 [INFO] Thread-9: Ship Thread-9 remove containers
2020-48-18 07:48:33.244 [INFO] Thread-8: Ship Thread-8 arrived at dock
2020-48-18 07:48:33.244 [INFO] Thread-8: Ship Thread-8 remove containers
2020-48-18 07:48:33.244 [INFO] Thread-7: Ship Thread-7 arrived at dock
2020-48-18 07:48:33.245 [INFO] Thread-7: Ship Thread-7 remove containers
2020-48-18 07:48:33.245 [INFO] Thread-1: Ship Thread-1 arrived at dock
2020-48-18 07:48:33.245 [INFO] Thread-1: Ship Thread-1 remove containers
2020-48-18 07:48:33.246 [INFO] Thread-5: Ship Thread-5 arrived at dock
2020-48-18 07:48:33.246 [INFO] Thread-5: Ship Thread-5 remove containers
2020-48-18 07:48:33.246 [INFO] Thread-4: Ship Thread-4 arrived at dock
2020-48-18 07:48:33.246 [INFO] Thread-4: Ship Thread-4 remove containers
2020-48-18 07:48:33.247 [INFO] Thread-3: Ship Thread-3 arrived at dock
2020-48-18 07:48:33.247 [INFO] Thread-3: Ship Thread-3 remove containers
2020-48-18 07:48:33.247 [INFO] Thread-2: Ship Thread-2 arrived at dock
2020-48-18 07:48:33.248 [INFO] Thread-2: Ship Thread-2 remove containers
2020-49-18 07:49:15.223 [INFO] main: File found by path: src/main/resources/Ships.txt
2020-49-18 07:49:15.230 [INFO] main: Finishing reading from file
2020-49-18 07:49:15.232 [INFO] main: Parsed data to ship: 3
2020-49-18 07:49:15.232 [INFO] main: Parsed data to ship: 4
2020-49-18 07:49:15.233 [INFO] main: Parsed data to ship: 5
2020-49-18 07:49:15.233 [INFO] main: Parsed data to ship: 43
2020-49-18 07:49:15.233 [INFO] main: Parsed data to ship: 54
2020-49-18 07:49:15.233 [INFO] main: Parsed data to ship: 43
2020-49-18 07:49:15.233 [INFO] main: Parsed data to ship: 3
2020-49-18 07:49:15.233 [INFO] main: Parsed data to ship: 34
2020-49-18 07:49:15.234 [INFO] main: Parsed data to ship: 2
2020-49-18 07:49:15.234 [INFO] main: Parsed data to ship: 43
2020-49-18 07:49:15.234 [INFO] main: Parsed data to ship: 67
2020-49-18 07:49:15.234 [INFO] main: Parsed data to ship: 3
2020-49-18 07:49:15.234 [INFO] main: Parsed data to ship: 54
2020-49-18 07:49:15.235 [INFO] main: Parsed data to ship: 7
2020-49-18 07:49:15.235 [INFO] main: Parsed data to ship: 4
2020-49-18 07:49:15.235 [INFO] main: Parsed data to ship: 3
2020-49-18 07:49:15.235 [INFO] main: Parsed data to ship: 5
2020-49-18 07:49:15.235 [INFO] main: Parsed data to ship: 7
2020-49-18 07:49:15.236 [INFO] main: Parsed data to ship: 8
2020-49-18 07:49:15.236 [INFO] main: Parsed data to ships: [3, 4, 5, 43, 54, 43, 3, 34, 2, 43, 67, 3, 54, 7, 4, 3, 5, 7, 8]
2020-49-18 07:49:15.240 [INFO] Thread-18: Ship Thread-18 arrived at dock
2020-49-18 07:49:15.242 [INFO] Thread-18: Ship Thread-18 remove containers
2020-49-18 07:49:15.243 [INFO] Thread-17: Ship Thread-17 arrived at dock
2020-49-18 07:49:15.243 [INFO] Thread-17: Ship Thread-17 remove containers
2020-49-18 07:49:15.243 [INFO] Thread-16: Ship Thread-16 arrived at dock
2020-49-18 07:49:15.244 [INFO] Thread-16: Ship Thread-16 remove containers
2020-49-18 07:49:15.244 [INFO] Thread-15: Ship Thread-15 arrived at dock
2020-49-18 07:49:15.244 [INFO] Thread-15: Ship Thread-15 remove containers
2020-49-18 07:49:15.245 [INFO] Thread-14: Ship Thread-14 arrived at dock
2020-49-18 07:49:15.245 [INFO] Thread-14: Ship Thread-14 remove containers
2020-49-18 07:49:15.245 [INFO] Thread-13: Ship Thread-13 arrived at dock
2020-49-18 07:49:15.246 [INFO] Thread-13: Ship Thread-13 remove containers
2020-49-18 07:49:15.246 [INFO] Thread-12: Ship Thread-12 arrived at dock
2020-49-18 07:49:15.246 [INFO] Thread-12: Ship Thread-12 remove containers
2020-49-18 07:49:15.247 [INFO] Thread-11: Ship Thread-11 arrived at dock
2020-49-18 07:49:15.249 [INFO] Thread-11: Ship Thread-11 remove containers
2020-49-18 07:49:15.249 [INFO] Thread-10: Ship Thread-10 arrived at dock
2020-49-18 07:49:15.250 [INFO] Thread-10: Ship Thread-10 remove containers
2020-49-18 07:49:15.250 [INFO] Thread-9: Ship Thread-9 arrived at dock
2020-49-18 07:49:15.250 [INFO] Thread-9: Ship Thread-9 remove containers
2020-49-18 07:49:15.251 [INFO] Thread-8: Ship Thread-8 arrived at dock
2020-49-18 07:49:15.251 [INFO] Thread-8: Ship Thread-8 remove containers
2020-49-18 07:49:15.251 [INFO] Thread-7: Ship Thread-7 arrived at dock
2020-49-18 07:49:15.252 [INFO] Thread-7: Ship Thread-7 remove containers
2020-49-18 07:49:15.252 [INFO] Thread-1: Ship Thread-1 arrived at dock
2020-49-18 07:49:15.252 [INFO] Thread-1: Ship Thread-1 remove containers
2020-49-18 07:49:15.253 [INFO] Thread-6: Ship Thread-6 arrived at dock
2020-49-18 07:49:15.253 [INFO] Thread-6: Ship Thread-6 remove containers
2020-49-18 07:49:15.253 [INFO] Thread-5: Ship Thread-5 arrived at dock
2020-49-18 07:49:15.254 [INFO] Thread-5: Ship Thread-5 remove containers
2020-49-18 07:49:15.254 [INFO] Thread-3: Ship Thread-3 arrived at dock
2020-49-18 07:49:15.254 [INFO] Thread-3: Ship Thread-3 remove containers
2020-49-18 07:49:15.254 [INFO] Thread-4: Ship Thread-4 arrived at dock
2020-49-18 07:49:15.255 [INFO] Thread-4: Ship Thread-4 remove containers
2020-50-18 07:50:31.232 [INFO] main: File found by path: src/main/resources/Ships.txt
2020-50-18 07:50:31.247 [INFO] main: Finishing reading from file
2020-50-18 07:50:31.255 [INFO] main: Parsed data to ship: 3
2020-50-18 07:50:31.256 [INFO] main: Parsed data to ship: 4
2020-50-18 07:50:31.256 [INFO] main: Parsed data to ship: 5
2020-50-18 07:50:31.256 [INFO] main: Parsed data to ship: 43
2020-50-18 07:50:31.257 [INFO] main: Parsed data to ship: 54
2020-50-18 07:50:31.257 [INFO] main: Parsed data to ship: 43
2020-50-18 07:50:31.257 [INFO] main: Parsed data to ship: 3
2020-50-18 07:50:31.257 [INFO] main: Parsed data to ship: 34
2020-50-18 07:50:31.257 [INFO] main: Parsed data to ship: 2
2020-50-18 07:50:31.258 [INFO] main: Parsed data to ship: 43
2020-50-18 07:50:31.258 [INFO] main: Parsed data to ship: 67
2020-50-18 07:50:31.258 [INFO] main: Parsed data to ship: 3
2020-50-18 07:50:31.258 [INFO] main: Parsed data to ship: 54
2020-50-18 07:50:31.259 [INFO] main: Parsed data to ship: 7
2020-50-18 07:50:31.259 [INFO] main: Parsed data to ship: 4
2020-50-18 07:50:31.259 [INFO] main: Parsed data to ship: 3
2020-50-18 07:50:31.259 [INFO] main: Parsed data to ship: 5
2020-50-18 07:50:31.259 [INFO] main: Parsed data to ship: 7
2020-50-18 07:50:31.260 [INFO] main: Parsed data to ship: 8
2020-50-18 07:50:31.260 [INFO] main: Parsed data to ships: [3, 4, 5, 43, 54, 43, 3, 34, 2, 43, 67, 3, 54, 7, 4, 3, 5, 7, 8]
2020-50-18 07:50:47.394 [INFO] Thread-8: Ship Thread-8 arrived at dock
2020-50-18 07:50:55.383 [INFO] Thread-8: Ship Thread-8 remove containers
2020-50-18 07:50:55.383 [INFO] Thread-17: Ship Thread-17 arrived at dock
2020-50-18 07:50:55.384 [INFO] Thread-17: Ship Thread-17 remove containers
2020-50-18 07:50:55.384 [INFO] Thread-10: Ship Thread-10 arrived at dock
2020-50-18 07:50:55.385 [INFO] Thread-10: Ship Thread-10 remove containers
2020-50-18 07:50:55.385 [INFO] Thread-9: Ship Thread-9 arrived at dock
2020-50-18 07:50:55.385 [INFO] Thread-9: Ship Thread-9 remove containers
2020-50-18 07:50:55.385 [INFO] Thread-18: Ship Thread-18 arrived at dock
2020-50-18 07:50:55.386 [INFO] Thread-18: Ship Thread-18 remove containers
2020-50-18 07:50:55.386 [INFO] Thread-2: Ship Thread-2 arrived at dock
2020-50-18 07:50:55.386 [INFO] Thread-2: Ship Thread-2 remove containers
2020-50-18 07:50:55.387 [INFO] Thread-3: Ship Thread-3 arrived at dock
2020-50-18 07:50:55.387 [INFO] Thread-3: Ship Thread-3 remove containers
2020-50-18 07:50:55.387 [INFO] Thread-13: Ship Thread-13 arrived at dock
2020-50-18 07:50:55.387 [INFO] Thread-13: Ship Thread-13 remove containers
2020-50-18 07:50:55.387 [INFO] Thread-4: Ship Thread-4 arrived at dock
2020-50-18 07:50:55.390 [INFO] Thread-4: Ship Thread-4 remove containers
2020-50-18 07:50:55.390 [INFO] Thread-12: Ship Thread-12 arrived at dock
2020-50-18 07:50:55.390 [INFO] Thread-12: Ship Thread-12 remove containers
2020-50-18 07:50:55.391 [INFO] Thread-5: Ship Thread-5 arrived at dock
2020-50-18 07:50:55.391 [INFO] Thread-5: Ship Thread-5 remove containers
2020-50-18 07:50:55.391 [INFO] Thread-19: Ship Thread-19 arrived at dock
2020-50-18 07:50:55.392 [INFO] Thread-19: Ship Thread-19 remove containers
2020-50-18 07:50:55.392 [INFO] Thread-6: Ship Thread-6 arrived at dock
2020-50-18 07:50:55.392 [INFO] Thread-6: Ship Thread-6 remove containers
2020-50-18 07:50:55.392 [INFO] Thread-7: Ship Thread-7 arrived at dock
2020-50-18 07:50:55.393 [INFO] Thread-7: Ship Thread-7 remove containers
2020-50-18 07:50:55.393 [INFO] Thread-16: Ship Thread-16 arrived at dock
2020-50-18 07:50:55.393 [INFO] Thread-16: Ship Thread-16 remove containers
2020-50-18 07:50:55.394 [INFO] Thread-15: Ship Thread-15 arrived at dock
2020-50-18 07:50:55.394 [INFO] Thread-15: Ship Thread-15 remove containers
2020-50-18 07:50:55.394 [INFO] Thread-1: Ship Thread-1 arrived at dock
2020-50-18 07:50:55.395 [INFO] Thread-1: Ship Thread-1 remove containers
2020-51-18 07:51:14.385 [INFO] main: File found by path: src/main/resources/Ships.txt
2020-51-18 07:51:14.395 [INFO] main: Finishing reading from file
2020-51-18 07:51:14.397 [INFO] main: Parsed data to ship: 3
2020-51-18 07:51:14.397 [INFO] main: Parsed data to ship: 4
2020-51-18 07:51:14.397 [INFO] main: Parsed data to ship: 5
2020-51-18 07:51:14.398 [INFO] main: Parsed data to ship: 43
2020-51-18 07:51:14.398 [INFO] main: Parsed data to ship: 54
2020-51-18 07:51:14.398 [INFO] main: Parsed data to ship: 43
2020-51-18 07:51:14.398 [INFO] main: Parsed data to ship: 3
2020-51-18 07:51:14.398 [INFO] main: Parsed data to ship: 34
2020-51-18 07:51:14.399 [INFO] main: Parsed data to ship: 2
2020-51-18 07:51:14.399 [INFO] main: Parsed data to ship: 43
2020-51-18 07:51:14.399 [INFO] main: Parsed data to ship: 67
2020-51-18 07:51:14.399 [INFO] main: Parsed data to ship: 3
2020-51-18 07:51:14.399 [INFO] main: Parsed data to ship: 54
2020-51-18 07:51:14.400 [INFO] main: Parsed data to ship: 7
2020-51-18 07:51:14.400 [INFO] main: Parsed data to ship: 4
2020-51-18 07:51:14.400 [INFO] main: Parsed data to ship: 3
2020-51-18 07:51:14.401 [INFO] main: Parsed data to ship: 5
2020-51-18 07:51:14.401 [INFO] main: Parsed data to ship: 7
2020-51-18 07:51:14.401 [INFO] main: Parsed data to ship: 8
2020-51-18 07:51:14.401 [INFO] main: Parsed data to ships: [3, 4, 5, 43, 54, 43, 3, 34, 2, 43, 67, 3, 54, 7, 4, 3, 5, 7, 8]
2020-51-18 07:51:14.406 [INFO] Thread-14: Ship Thread-14 arrived at dock
2020-51-18 07:51:14.408 [INFO] Thread-14: Ship Thread-14 remove containers
2020-51-18 07:51:14.409 [INFO] Thread-18: Ship Thread-18 arrived at dock
2020-51-18 07:51:14.409 [INFO] Thread-18: Ship Thread-18 remove containers
2020-51-18 07:51:14.410 [INFO] Thread-17: Ship Thread-17 arrived at dock
2020-51-18 07:51:14.410 [INFO] Thread-17: Ship Thread-17 remove containers
2020-51-18 07:51:14.411 [INFO] Thread-13: Ship Thread-13 arrived at dock
2020-51-18 07:51:14.411 [INFO] Thread-13: Ship Thread-13 remove containers
2020-51-18 07:51:14.411 [INFO] Thread-12: Ship Thread-12 arrived at dock
2020-51-18 07:51:14.412 [INFO] Thread-12: Ship Thread-12 remove containers
2020-51-18 07:51:14.412 [INFO] Thread-11: Ship Thread-11 arrived at dock
2020-51-18 07:51:14.412 [INFO] Thread-11: Ship Thread-11 remove containers
2020-51-18 07:51:14.413 [INFO] Thread-10: Ship Thread-10 arrived at dock
2020-51-18 07:51:14.413 [INFO] Thread-10: Ship Thread-10 remove containers
2020-51-18 07:51:14.413 [INFO] Thread-9: Ship Thread-9 arrived at dock
2020-51-18 07:51:14.417 [INFO] Thread-9: Ship Thread-9 remove containers
2020-51-18 07:51:14.417 [INFO] Thread-8: Ship Thread-8 arrived at dock
2020-51-18 07:51:14.417 [INFO] Thread-8: Ship Thread-8 remove containers
2020-51-18 07:51:14.418 [INFO] Thread-7: Ship Thread-7 arrived at dock
2020-51-18 07:51:14.418 [INFO] Thread-7: Ship Thread-7 remove containers
2020-51-18 07:51:14.419 [INFO] Thread-6: Ship Thread-6 arrived at dock
2020-51-18 07:51:14.419 [INFO] Thread-6: Ship Thread-6 remove containers
2020-51-18 07:51:14.419 [INFO] Thread-5: Ship Thread-5 arrived at dock
2020-51-18 07:51:14.420 [INFO] Thread-5: Ship Thread-5 remove containers
2020-51-18 07:51:14.420 [INFO] Thread-4: Ship Thread-4 arrived at dock
2020-51-18 07:51:14.420 [INFO] Thread-4: Ship Thread-4 remove containers
2020-51-18 07:51:14.421 [INFO] Thread-3: Ship Thread-3 arrived at dock
2020-51-18 07:51:14.421 [INFO] Thread-3: Ship Thread-3 remove containers
2020-51-18 07:51:14.421 [INFO] Thread-2: Ship Thread-2 arrived at dock
2020-51-18 07:51:14.422 [INFO] Thread-2: Ship Thread-2 remove containers
2020-51-18 07:51:14.422 [INFO] Thread-1: Ship Thread-1 arrived at dock
2020-51-18 07:51:14.422 [INFO] Thread-1: Ship Thread-1 remove containers
2020-51-18 07:51:14.423 [INFO] Thread-19: Ship Thread-19 arrived at dock
2020-51-18 07:51:14.423 [INFO] Thread-19: Ship Thread-19 remove containers
2020-52-18 07:52:32.243 [INFO] main: File found by path: src/main/resources/Ships.txt
2020-52-18 07:52:32.252 [INFO] main: Finishing reading from file
2020-52-18 07:52:32.254 [INFO] main: Parsed data to ship: 3
2020-52-18 07:52:32.254 [INFO] main: Parsed data to ship: 4
2020-52-18 07:52:32.254 [INFO] main: Parsed data to ship: 5
2020-52-18 07:52:32.255 [INFO] main: Parsed data to ship: 43
2020-52-18 07:52:32.255 [INFO] main: Parsed data to ship: 54
2020-52-18 07:52:32.255 [INFO] main: Parsed data to ship: 43
2020-52-18 07:52:32.255 [INFO] main: Parsed data to ship: 3
2020-52-18 07:52:32.255 [INFO] main: Parsed data to ship: 34
2020-52-18 07:52:32.256 [INFO] main: Parsed data to ship: 2
2020-52-18 07:52:32.256 [INFO] main: Parsed data to ship: 43
2020-52-18 07:52:32.256 [INFO] main: Parsed data to ship: 67
2020-52-18 07:52:32.256 [INFO] main: Parsed data to ship: 3
2020-52-18 07:52:32.257 [INFO] main: Parsed data to ship: 54
2020-52-18 07:52:32.257 [INFO] main: Parsed data to ship: 7
2020-52-18 07:52:32.257 [INFO] main: Parsed data to ship: 4
2020-52-18 07:52:32.257 [INFO] main: Parsed data to ship: 3
2020-52-18 07:52:32.257 [INFO] main: Parsed data to ship: 5
2020-52-18 07:52:32.258 [INFO] main: Parsed data to ship: 7
2020-52-18 07:52:32.258 [INFO] main: Parsed data to ship: 8
2020-52-18 07:52:32.258 [INFO] main: Parsed data to ships: [3, 4, 5, 43, 54, 43, 3, 34, 2, 43, 67, 3, 54, 7, 4, 3, 5, 7, 8]
2020-52-18 07:52:32.264 [INFO] Thread-17: Ship Thread-17 arrived at dock
2020-52-18 07:52:32.266 [INFO] Thread-17: Ship Thread-17 remove containers
2020-52-18 07:52:32.267 [INFO] Thread-15: Ship Thread-15 arrived at dock
2020-52-18 07:52:32.267 [INFO] Thread-15: Ship Thread-15 remove containers
2020-52-18 07:52:32.267 [INFO] Thread-14: Ship Thread-14 arrived at dock
2020-52-18 07:52:32.268 [INFO] Thread-14: Ship Thread-14 remove containers
2020-52-18 07:52:32.268 [INFO] Thread-16: Ship Thread-16 arrived at dock
2020-52-18 07:52:32.269 [INFO] Thread-16: Ship Thread-16 remove containers
2020-52-18 07:52:32.269 [INFO] Thread-13: Ship Thread-13 arrived at dock
2020-52-18 07:52:32.269 [INFO] Thread-13: Ship Thread-13 remove containers
2020-52-18 07:52:32.270 [INFO] Thread-12: Ship Thread-12 arrived at dock
2020-52-18 07:52:32.270 [INFO] Thread-12: Ship Thread-12 remove containers
2020-52-18 07:52:32.270 [INFO] Thread-11: Ship Thread-11 arrived at dock
2020-52-18 07:52:32.271 [INFO] Thread-11: Ship Thread-11 remove containers
2020-52-18 07:52:32.271 [INFO] Thread-10: Ship Thread-10 arrived at dock
2020-52-18 07:52:32.274 [INFO] Thread-10: Ship Thread-10 remove containers
2020-52-18 07:52:32.274 [INFO] Thread-9: Ship Thread-9 arrived at dock
2020-52-18 07:52:32.274 [INFO] Thread-9: Ship Thread-9 remove containers
2020-52-18 07:52:32.275 [INFO] Thread-8: Ship Thread-8 arrived at dock
2020-52-18 07:52:32.275 [INFO] Thread-8: Ship Thread-8 remove containers
2020-52-18 07:52:32.276 [INFO] Thread-7: Ship Thread-7 arrived at dock
2020-52-18 07:52:32.276 [INFO] Thread-7: Ship Thread-7 remove containers
2020-52-18 07:52:32.277 [INFO] Thread-6: Ship Thread-6 arrived at dock
2020-52-18 07:52:32.277 [INFO] Thread-6: Ship Thread-6 remove containers
2020-52-18 07:52:32.277 [INFO] Thread-5: Ship Thread-5 arrived at dock
2020-52-18 07:52:32.278 [INFO] Thread-5: Ship Thread-5 remove containers
2020-52-18 07:52:32.278 [INFO] Thread-1: Ship Thread-1 arrived at dock
2020-52-18 07:52:32.278 [INFO] Thread-1: Ship Thread-1 remove containers
2020-52-18 07:52:32.279 [INFO] Thread-3: Ship Thread-3 arrived at dock
2020-52-18 07:52:32.279 [INFO] Thread-3: Ship Thread-3 remove containers
2020-52-18 07:52:32.279 [INFO] Thread-2: Ship Thread-2 arrived at dock
2020-52-18 07:52:32.280 [INFO] Thread-2: Ship Thread-2 remove containers
2020-52-18 07:52:32.280 [INFO] Thread-19: Ship Thread-19 arrived at dock
2020-52-18 07:52:32.280 [INFO] Thread-19: Ship Thread-19 remove containers
2020-52-18 07:52:47.389 [INFO] main: File found by path: src/main/resources/Ships.txt
2020-52-18 07:52:47.400 [INFO] main: Finishing reading from file
2020-52-18 07:52:47.402 [INFO] main: Parsed data to ship: 3
2020-52-18 07:52:47.402 [INFO] main: Parsed data to ship: 4
2020-52-18 07:52:47.402 [INFO] main: Parsed data to ship: 5
2020-52-18 07:52:47.403 [INFO] main: Parsed data to ship: 43
2020-52-18 07:52:47.403 [INFO] main: Parsed data to ship: 54
2020-52-18 07:52:47.403 [INFO] main: Parsed data to ship: 43
2020-52-18 07:52:47.403 [INFO] main: Parsed data to ship: 3
2020-52-18 07:52:47.403 [INFO] main: Parsed data to ship: 34
2020-52-18 07:52:47.404 [INFO] main: Parsed data to ship: 2
2020-52-18 07:52:47.404 [INFO] main: Parsed data to ship: 43
2020-52-18 07:52:47.404 [INFO] main: Parsed data to ship: 67
2020-52-18 07:52:47.404 [INFO] main: Parsed data to ship: 3
2020-52-18 07:52:47.405 [INFO] main: Parsed data to ship: 54
2020-52-18 07:52:47.405 [INFO] main: Parsed data to ship: 7
2020-52-18 07:52:47.405 [INFO] main: Parsed data to ship: 4
2020-52-18 07:52:47.405 [INFO] main: Parsed data to ship: 3
2020-52-18 07:52:47.405 [INFO] main: Parsed data to ship: 5
2020-52-18 07:52:47.405 [INFO] main: Parsed data to ship: 7
2020-52-18 07:52:47.406 [INFO] main: Parsed data to ship: 8
2020-52-18 07:52:47.406 [INFO] main: Parsed data to ships: [3, 4, 5, 43, 54, 43, 3, 34, 2, 43, 67, 3, 54, 7, 4, 3, 5, 7, 8]
2020-52-18 07:52:47.411 [INFO] Thread-3: Ship Thread-3 arrived at dock
2020-52-18 07:52:47.413 [INFO] Thread-3: Ship Thread-3 remove containers
2020-52-18 07:52:47.413 [INFO] Thread-15: Ship Thread-15 arrived at dock
2020-52-18 07:52:47.414 [INFO] Thread-15: Ship Thread-15 remove containers
2020-52-18 07:52:47.414 [INFO] Thread-14: Ship Thread-14 arrived at dock
2020-52-18 07:52:47.414 [INFO] Thread-14: Ship Thread-14 remove containers
2020-52-18 07:52:47.415 [INFO] Thread-13: Ship Thread-13 arrived at dock
2020-52-18 07:52:47.415 [INFO] Thread-13: Ship Thread-13 remove containers
2020-52-18 07:52:47.416 [INFO] Thread-12: Ship Thread-12 arrived at dock
2020-52-18 07:52:47.416 [INFO] Thread-12: Ship Thread-12 remove containers
2020-52-18 07:52:47.417 [INFO] Thread-11: Ship Thread-11 arrived at dock
2020-52-18 07:52:47.417 [INFO] Thread-11: Ship Thread-11 remove containers
2020-52-18 07:52:47.418 [INFO] Thread-10: Ship Thread-10 arrived at dock
2020-52-18 07:52:47.418 [INFO] Thread-10: Ship Thread-10 remove containers
2020-52-18 07:52:47.419 [INFO] Thread-9: Ship Thread-9 arrived at dock
2020-52-18 07:52:47.421 [INFO] Thread-9: Ship Thread-9 remove containers
2020-52-18 07:52:47.421 [INFO] Thread-8: Ship Thread-8 arrived at dock
2020-52-18 07:52:47.422 [INFO] Thread-8: Ship Thread-8 remove containers
2020-52-18 07:52:47.422 [INFO] Thread-7: Ship Thread-7 arrived at dock
2020-52-18 07:52:47.422 [INFO] Thread-7: Ship Thread-7 remove containers
2020-52-18 07:52:47.423 [INFO] Thread-6: Ship Thread-6 arrived at dock
2020-52-18 07:52:47.423 [INFO] Thread-6: Ship Thread-6 remove containers
2020-52-18 07:52:47.423 [INFO] Thread-1: Ship Thread-1 arrived at dock
2020-52-18 07:52:47.424 [INFO] Thread-1: Ship Thread-1 remove containers
2020-52-18 07:52:47.424 [INFO] Thread-4: Ship Thread-4 arrived at dock
2020-52-18 07:52:47.425 [INFO] Thread-4: Ship Thread-4 remove containers
2020-52-18 07:52:47.425 [INFO] Thread-5: Ship Thread-5 arrived at dock
2020-52-18 07:52:47.425 [INFO] Thread-5: Ship Thread-5 remove containers
2020-52-18 07:52:47.425 [INFO] Thread-2: Ship Thread-2 arrived at dock
2020-52-18 07:52:47.426 [INFO] Thread-2: Ship Thread-2 remove containers
2020-52-18 07:52:47.426 [INFO] Thread-17: Ship Thread-17 arrived at dock
2020-52-18 07:52:47.426 [INFO] Thread-17: Ship Thread-17 remove containers
2020-52-18 07:52:47.427 [INFO] Thread-18: Ship Thread-18 arrived at dock
2020-52-18 07:52:47.427 [INFO] Thread-18: Ship Thread-18 remove containers
2020-52-18 07:52:47.427 [INFO] Thread-19: Ship Thread-19 arrived at dock
2020-52-18 07:52:47.428 [INFO] Thread-19: Ship Thread-19 remove containers
