2020-52-02 08:52:07.767 [INFO] main: Point@x: 0.0,y: 0.0 Point@x: 1.0,y: 0.0 Point@x: 0.0,y: 1.0 makes a triangle: true
2020-52-02 08:52:07.813 [INFO] main: Created triangle with coordinates: Point@x: 0.0,y: 0.0 Point@x: 1.0,y: 0.0 Point@x: 0.0,y: 1.0
2020-52-02 08:52:07.813 [INFO] main: Calculated area of theby.epam.entity.Triangle@id=1, a=Point@x: 0.0,y: 0.0, b=Point@x: 1.0,y: 0.0, c=Point@x: 0.0,y: 1.0: 0.5
2020-52-02 08:52:07.829 [INFO] main: Point@x: 0.0,y: 0.0 Point@x: 1.0,y: 0.0 Point@x: 0.0,y: 1.0 makes a triangle: true
2020-52-02 08:52:07.829 [INFO] main: Created triangle with coordinates: Point@x: 0.0,y: 0.0 Point@x: 1.0,y: 0.0 Point@x: 0.0,y: 1.0
2020-52-02 08:52:07.829 [INFO] main: Calculated distance between points: Point@x: 0.0,y: 0.0 and Point@x: 1.0,y: 0.0
2020-52-02 08:52:07.829 [INFO] main: Calculated distance between points: Point@x: 1.0,y: 0.0 and Point@x: 0.0,y: 1.0
2020-52-02 08:52:07.829 [INFO] main: Calculated distance between points: Point@x: 0.0,y: 1.0 and Point@x: 0.0,y: 0.0
2020-52-02 08:52:07.829 [INFO] main: Calculated sides lengths
2020-52-02 08:52:07.829 [INFO] main: Calculated perimeter of theby.epam.entity.Triangle@id=2, a=Point@x: 0.0,y: 0.0, b=Point@x: 1.0,y: 0.0, c=Point@x: 0.0,y: 1.0: 3.414213562373095
2020-52-02 08:52:23.648 [INFO] main: Point@x: -3.0,y: -2.0 Point@x: 0.0,y: -1.0 Point@x: -2.0,y: 5.0 makes a triangle: true
2020-52-02 08:52:23.679 [INFO] main: Created triangle with coordinates: Point@x: -3.0,y: -2.0 Point@x: 0.0,y: -1.0 Point@x: -2.0,y: 5.0
2020-52-02 08:52:23.679 [INFO] main: Calculated distance between points: Point@x: -3.0,y: -2.0 and Point@x: 0.0,y: -1.0
2020-52-02 08:52:23.679 [INFO] main: Calculated distance between points: Point@x: 0.0,y: -1.0 and Point@x: -2.0,y: 5.0
2020-52-02 08:52:23.679 [INFO] main: Calculated distance between points: Point@x: -3.0,y: -2.0 and Point@x: -2.0,y: 5.0
2020-52-02 08:52:23.679 [INFO] main: Calculated lengths of theby.epam.entity.Triangle@id=1, a=Point@x: -3.0,y: -2.0, b=Point@x: 0.0,y: -1.0, c=Point@x: -2.0,y: 5.0
2020-52-02 08:52:23.711 [INFO] main: Point@x: -3.0,y: -2.0 Point@x: 0.0,y: -1.0 Point@x: -2.0,y: 5.0 makes a triangle: true
2020-52-02 08:52:23.711 [INFO] main: Created triangle with coordinates: Point@x: -3.0,y: -2.0 Point@x: 0.0,y: -1.0 Point@x: -2.0,y: 5.0
2020-52-02 08:52:23.711 [INFO] main: Calculated distance between points: Point@x: -3.0,y: -2.0 and Point@x: 0.0,y: -1.0
2020-52-02 08:52:23.711 [INFO] main: Calculated distance between points: Point@x: 0.0,y: -1.0 and Point@x: -2.0,y: 5.0
2020-52-02 08:52:23.711 [INFO] main: Calculated distance between points: Point@x: -3.0,y: -2.0 and Point@x: -2.0,y: 5.0
2020-52-02 08:52:23.711 [INFO] main: Calculated lengths of theby.epam.entity.Triangle@id=2, a=Point@x: -3.0,y: -2.0, b=Point@x: 0.0,y: -1.0, c=Point@x: -2.0,y: 5.0
2020-52-02 08:52:23.711 [INFO] main: Point@x: -3.0,y: -2.0 Point@x: 0.0,y: -1.0 Point@x: -2.0,y: 5.0 makes a triangle: true
2020-52-02 08:52:23.711 [INFO] main: Created triangle with coordinates: Point@x: -3.0,y: -2.0 Point@x: 0.0,y: -1.0 Point@x: -2.0,y: 5.0
2020-52-02 08:52:23.726 [INFO] main: Calculated distance between points: Point@x: -3.0,y: -2.0 and Point@x: 0.0,y: -1.0
2020-52-02 08:52:23.726 [INFO] main: Calculated distance between points: Point@x: 0.0,y: -1.0 and Point@x: -2.0,y: 5.0
2020-52-02 08:52:23.726 [INFO] main: Calculated distance between points: Point@x: -3.0,y: -2.0 and Point@x: -2.0,y: 5.0
2020-52-02 08:52:23.726 [INFO] main: Triangle@id=3, a=Point@x: -3.0,y: -2.0, b=Point@x: 0.0,y: -1.0, c=Point@x: -2.0,y: 5.0 is rectangular: true
